2021-03-04 16:30:36,320 INFO [restartedMain] c.e.c.m.MycommunityApplication [StartupInfoLogger.java:55] Starting MycommunityApplication using Java 1.8.0_271 on LAPTOP-UCCD16F6 with PID 12540 (D:\PracticeProject\mycommunity\target\classes started by Alex in D:\PracticeProject\mycommunity)
2021-03-04 16:30:36,326 INFO [restartedMain] c.e.c.m.MycommunityApplication [SpringApplication.java:660] No active profile set, falling back to default profiles: default
2021-03-04 16:30:36,378 INFO [restartedMain] o.s.b.d.e.DevToolsPropertyDefaultsPostProcessor [DeferredLog.java:255] Devtools property defaults active! Set 'spring.devtools.add-properties' to 'false' to disable
2021-03-04 16:30:36,379 INFO [restartedMain] o.s.b.d.e.DevToolsPropertyDefaultsPostProcessor [DeferredLog.java:255] For additional web related logging consider setting the 'logging.level.web' property to 'DEBUG'
2021-03-04 16:30:37,470 INFO [restartedMain] o.s.b.w.e.t.TomcatWebServer [TomcatWebServer.java:108] Tomcat initialized with port(s): 8080 (http)
2021-03-04 16:30:37,478 INFO [restartedMain] o.a.c.h.Http11NioProtocol [DirectJDKLog.java:173] Initializing ProtocolHandler ["http-nio-8080"]
2021-03-04 16:30:37,479 INFO [restartedMain] o.a.c.c.StandardService [DirectJDKLog.java:173] Starting service [Tomcat]
2021-03-04 16:30:37,479 INFO [restartedMain] o.a.c.c.StandardEngine [DirectJDKLog.java:173] Starting Servlet engine: [Apache Tomcat/9.0.39]
2021-03-04 16:30:37,571 INFO [restartedMain] o.a.c.c.C.[.[.[/mycommunity] [DirectJDKLog.java:173] Initializing Spring embedded WebApplicationContext
2021-03-04 16:30:37,572 INFO [restartedMain] o.s.b.w.s.c.ServletWebServerApplicationContext [ServletWebServerApplicationContext.java:289] Root WebApplicationContext: initialization completed in 1191 ms
2021-03-04 16:30:37,943 INFO [restartedMain] o.s.b.f.a.AutowiredAnnotationBeanPostProcessor [AutowiredAnnotationBeanPostProcessor.java:478] Autowired annotation is not supported on static fields: private static final org.slf4j.Logger cn.edu.cug.mycommunity.controller.LoginController.logger
2021-03-04 16:30:38,057 INFO [restartedMain] o.s.s.c.ThreadPoolTaskExecutor [ExecutorConfigurationSupport.java:181] Initializing ExecutorService 'applicationTaskExecutor'
2021-03-04 16:30:38,166 INFO [restartedMain] o.s.b.a.w.s.WelcomePageHandlerMapping [WelcomePageHandlerMapping.java:58] Adding welcome page template: index
2021-03-04 16:30:38,292 INFO [restartedMain] o.s.b.d.a.OptionalLiveReloadServer [OptionalLiveReloadServer.java:58] LiveReload server is running on port 35729
2021-03-04 16:30:38,308 INFO [restartedMain] o.a.c.h.Http11NioProtocol [DirectJDKLog.java:173] Starting ProtocolHandler ["http-nio-8080"]
2021-03-04 16:30:38,324 INFO [restartedMain] o.s.b.w.e.t.TomcatWebServer [TomcatWebServer.java:220] Tomcat started on port(s): 8080 (http) with context path '/mycommunity'
2021-03-04 16:30:38,335 INFO [restartedMain] c.e.c.m.MycommunityApplication [StartupInfoLogger.java:61] Started MycommunityApplication in 2.539 seconds (JVM running for 3.481)
2021-03-04 16:30:48,740 INFO [http-nio-8080-exec-1] o.a.c.c.C.[.[.[/mycommunity] [DirectJDKLog.java:173] Initializing Spring DispatcherServlet 'dispatcherServlet'
2021-03-04 16:30:48,741 INFO [http-nio-8080-exec-1] o.s.w.s.DispatcherServlet [FrameworkServlet.java:525] Initializing Servlet 'dispatcherServlet'
2021-03-04 16:30:48,742 INFO [http-nio-8080-exec-1] o.s.w.s.DispatcherServlet [FrameworkServlet.java:547] Completed initialization in 1 ms
2021-03-04 16:30:48,802 INFO [http-nio-8080-exec-1] c.z.h.HikariDataSource [HikariDataSource.java:110] HikariPool-1 - Starting...
2021-03-04 16:30:48,906 INFO [http-nio-8080-exec-1] c.z.h.HikariDataSource [HikariDataSource.java:123] HikariPool-1 - Start completed.
2021-03-04 16:33:23,312 INFO [restartedMain] c.e.c.m.MycommunityApplication [StartupInfoLogger.java:55] Starting MycommunityApplication using Java 1.8.0_271 on LAPTOP-UCCD16F6 with PID 15904 (D:\PracticeProject\mycommunity\target\classes started by Alex in D:\PracticeProject\mycommunity)
2021-03-04 16:33:23,314 INFO [restartedMain] c.e.c.m.MycommunityApplication [SpringApplication.java:660] No active profile set, falling back to default profiles: default
2021-03-04 16:33:23,359 INFO [restartedMain] o.s.b.d.e.DevToolsPropertyDefaultsPostProcessor [DeferredLog.java:255] Devtools property defaults active! Set 'spring.devtools.add-properties' to 'false' to disable
2021-03-04 16:33:23,359 INFO [restartedMain] o.s.b.d.e.DevToolsPropertyDefaultsPostProcessor [DeferredLog.java:255] For additional web related logging consider setting the 'logging.level.web' property to 'DEBUG'
2021-03-04 16:33:24,304 INFO [restartedMain] o.s.b.w.e.t.TomcatWebServer [TomcatWebServer.java:108] Tomcat initialized with port(s): 8080 (http)
2021-03-04 16:33:24,311 INFO [restartedMain] o.a.c.h.Http11NioProtocol [DirectJDKLog.java:173] Initializing ProtocolHandler ["http-nio-8080"]
2021-03-04 16:33:24,312 INFO [restartedMain] o.a.c.c.StandardService [DirectJDKLog.java:173] Starting service [Tomcat]
2021-03-04 16:33:24,312 INFO [restartedMain] o.a.c.c.StandardEngine [DirectJDKLog.java:173] Starting Servlet engine: [Apache Tomcat/9.0.39]
2021-03-04 16:33:24,392 INFO [restartedMain] o.a.c.c.C.[.[.[/mycommunity] [DirectJDKLog.java:173] Initializing Spring embedded WebApplicationContext
2021-03-04 16:33:24,393 INFO [restartedMain] o.s.b.w.s.c.ServletWebServerApplicationContext [ServletWebServerApplicationContext.java:289] Root WebApplicationContext: initialization completed in 1033 ms
2021-03-04 16:33:24,689 INFO [restartedMain] o.s.b.f.a.AutowiredAnnotationBeanPostProcessor [AutowiredAnnotationBeanPostProcessor.java:478] Autowired annotation is not supported on static fields: private static final org.slf4j.Logger cn.edu.cug.mycommunity.controller.LoginController.logger
2021-03-04 16:33:24,795 INFO [restartedMain] o.s.s.c.ThreadPoolTaskExecutor [ExecutorConfigurationSupport.java:181] Initializing ExecutorService 'applicationTaskExecutor'
2021-03-04 16:33:24,904 INFO [restartedMain] o.s.b.a.w.s.WelcomePageHandlerMapping [WelcomePageHandlerMapping.java:58] Adding welcome page template: index
2021-03-04 16:33:25,018 INFO [restartedMain] o.s.b.d.a.OptionalLiveReloadServer [OptionalLiveReloadServer.java:58] LiveReload server is running on port 35729
2021-03-04 16:33:25,032 INFO [restartedMain] o.a.c.h.Http11NioProtocol [DirectJDKLog.java:173] Starting ProtocolHandler ["http-nio-8080"]
2021-03-04 16:33:25,046 INFO [restartedMain] o.s.b.w.e.t.TomcatWebServer [TomcatWebServer.java:220] Tomcat started on port(s): 8080 (http) with context path '/mycommunity'
2021-03-04 16:33:25,055 INFO [restartedMain] c.e.c.m.MycommunityApplication [StartupInfoLogger.java:61] Started MycommunityApplication in 2.126 seconds (JVM running for 2.917)
2021-03-04 16:33:34,484 INFO [http-nio-8080-exec-1] o.a.c.c.C.[.[.[/mycommunity] [DirectJDKLog.java:173] Initializing Spring DispatcherServlet 'dispatcherServlet'
2021-03-04 16:33:34,484 INFO [http-nio-8080-exec-1] o.s.w.s.DispatcherServlet [FrameworkServlet.java:525] Initializing Servlet 'dispatcherServlet'
2021-03-04 16:33:34,485 INFO [http-nio-8080-exec-1] o.s.w.s.DispatcherServlet [FrameworkServlet.java:547] Completed initialization in 1 ms
2021-03-04 16:33:34,536 INFO [http-nio-8080-exec-1] c.z.h.HikariDataSource [HikariDataSource.java:110] HikariPool-1 - Starting...
2021-03-04 16:33:34,625 INFO [http-nio-8080-exec-1] c.z.h.HikariDataSource [HikariDataSource.java:123] HikariPool-1 - Start completed.
2021-03-04 16:37:34,103 INFO [restartedMain] c.e.c.m.MycommunityApplication [StartupInfoLogger.java:55] Starting MycommunityApplication using Java 1.8.0_271 on LAPTOP-UCCD16F6 with PID 14532 (D:\PracticeProject\mycommunity\target\classes started by Alex in D:\PracticeProject\mycommunity)
2021-03-04 16:37:34,106 INFO [restartedMain] c.e.c.m.MycommunityApplication [SpringApplication.java:660] No active profile set, falling back to default profiles: default
2021-03-04 16:37:34,150 INFO [restartedMain] o.s.b.d.e.DevToolsPropertyDefaultsPostProcessor [DeferredLog.java:255] Devtools property defaults active! Set 'spring.devtools.add-properties' to 'false' to disable
2021-03-04 16:37:34,151 INFO [restartedMain] o.s.b.d.e.DevToolsPropertyDefaultsPostProcessor [DeferredLog.java:255] For additional web related logging consider setting the 'logging.level.web' property to 'DEBUG'
2021-03-04 16:37:35,085 INFO [restartedMain] o.s.b.w.e.t.TomcatWebServer [TomcatWebServer.java:108] Tomcat initialized with port(s): 8080 (http)
2021-03-04 16:37:35,092 INFO [restartedMain] o.a.c.h.Http11NioProtocol [DirectJDKLog.java:173] Initializing ProtocolHandler ["http-nio-8080"]
2021-03-04 16:37:35,093 INFO [restartedMain] o.a.c.c.StandardService [DirectJDKLog.java:173] Starting service [Tomcat]
2021-03-04 16:37:35,093 INFO [restartedMain] o.a.c.c.StandardEngine [DirectJDKLog.java:173] Starting Servlet engine: [Apache Tomcat/9.0.39]
2021-03-04 16:37:35,183 INFO [restartedMain] o.a.c.c.C.[.[.[/mycommunity] [DirectJDKLog.java:173] Initializing Spring embedded WebApplicationContext
2021-03-04 16:37:35,184 INFO [restartedMain] o.s.b.w.s.c.ServletWebServerApplicationContext [ServletWebServerApplicationContext.java:289] Root WebApplicationContext: initialization completed in 1032 ms
2021-03-04 16:37:35,484 INFO [restartedMain] o.s.b.f.a.AutowiredAnnotationBeanPostProcessor [AutowiredAnnotationBeanPostProcessor.java:478] Autowired annotation is not supported on static fields: private static final org.slf4j.Logger cn.edu.cug.mycommunity.controller.LoginController.logger
2021-03-04 16:37:35,593 INFO [restartedMain] o.s.s.c.ThreadPoolTaskExecutor [ExecutorConfigurationSupport.java:181] Initializing ExecutorService 'applicationTaskExecutor'
2021-03-04 16:37:35,695 INFO [restartedMain] o.s.b.a.w.s.WelcomePageHandlerMapping [WelcomePageHandlerMapping.java:58] Adding welcome page template: index
2021-03-04 16:37:35,815 INFO [restartedMain] o.s.b.d.a.OptionalLiveReloadServer [OptionalLiveReloadServer.java:58] LiveReload server is running on port 35729
2021-03-04 16:37:35,831 INFO [restartedMain] o.a.c.h.Http11NioProtocol [DirectJDKLog.java:173] Starting ProtocolHandler ["http-nio-8080"]
2021-03-04 16:37:35,846 INFO [restartedMain] o.s.b.w.e.t.TomcatWebServer [TomcatWebServer.java:220] Tomcat started on port(s): 8080 (http) with context path '/mycommunity'
2021-03-04 16:37:35,857 INFO [restartedMain] c.e.c.m.MycommunityApplication [StartupInfoLogger.java:61] Started MycommunityApplication in 2.176 seconds (JVM running for 3.011)
2021-03-04 16:37:39,245 INFO [http-nio-8080-exec-1] o.a.c.c.C.[.[.[/mycommunity] [DirectJDKLog.java:173] Initializing Spring DispatcherServlet 'dispatcherServlet'
2021-03-04 16:37:39,245 INFO [http-nio-8080-exec-1] o.s.w.s.DispatcherServlet [FrameworkServlet.java:525] Initializing Servlet 'dispatcherServlet'
2021-03-04 16:37:39,246 INFO [http-nio-8080-exec-1] o.s.w.s.DispatcherServlet [FrameworkServlet.java:547] Completed initialization in 1 ms
2021-03-04 16:37:39,301 INFO [http-nio-8080-exec-1] c.z.h.HikariDataSource [HikariDataSource.java:110] HikariPool-1 - Starting...
2021-03-04 16:37:39,393 INFO [http-nio-8080-exec-1] c.z.h.HikariDataSource [HikariDataSource.java:123] HikariPool-1 - Start completed.
2021-03-04 16:43:12,804 INFO [restartedMain] c.e.c.m.MycommunityApplication [StartupInfoLogger.java:55] Starting MycommunityApplication using Java 1.8.0_271 on LAPTOP-UCCD16F6 with PID 30124 (D:\PracticeProject\mycommunity\target\classes started by Alex in D:\PracticeProject\mycommunity)
2021-03-04 16:43:12,807 INFO [restartedMain] c.e.c.m.MycommunityApplication [SpringApplication.java:660] No active profile set, falling back to default profiles: default
2021-03-04 16:43:12,858 INFO [restartedMain] o.s.b.d.e.DevToolsPropertyDefaultsPostProcessor [DeferredLog.java:255] Devtools property defaults active! Set 'spring.devtools.add-properties' to 'false' to disable
2021-03-04 16:43:12,858 INFO [restartedMain] o.s.b.d.e.DevToolsPropertyDefaultsPostProcessor [DeferredLog.java:255] For additional web related logging consider setting the 'logging.level.web' property to 'DEBUG'
2021-03-04 16:43:13,802 INFO [restartedMain] o.s.b.w.e.t.TomcatWebServer [TomcatWebServer.java:108] Tomcat initialized with port(s): 8080 (http)
2021-03-04 16:43:13,809 INFO [restartedMain] o.a.c.h.Http11NioProtocol [DirectJDKLog.java:173] Initializing ProtocolHandler ["http-nio-8080"]
2021-03-04 16:43:13,810 INFO [restartedMain] o.a.c.c.StandardService [DirectJDKLog.java:173] Starting service [Tomcat]
2021-03-04 16:43:13,810 INFO [restartedMain] o.a.c.c.StandardEngine [DirectJDKLog.java:173] Starting Servlet engine: [Apache Tomcat/9.0.39]
2021-03-04 16:43:13,900 INFO [restartedMain] o.a.c.c.C.[.[.[/mycommunity] [DirectJDKLog.java:173] Initializing Spring embedded WebApplicationContext
2021-03-04 16:43:13,900 INFO [restartedMain] o.s.b.w.s.c.ServletWebServerApplicationContext [ServletWebServerApplicationContext.java:289] Root WebApplicationContext: initialization completed in 1041 ms
2021-03-04 16:43:14,201 INFO [restartedMain] o.s.b.f.a.AutowiredAnnotationBeanPostProcessor [AutowiredAnnotationBeanPostProcessor.java:478] Autowired annotation is not supported on static fields: private static final org.slf4j.Logger cn.edu.cug.mycommunity.controller.LoginController.logger
2021-03-04 16:43:14,312 INFO [restartedMain] o.s.s.c.ThreadPoolTaskExecutor [ExecutorConfigurationSupport.java:181] Initializing ExecutorService 'applicationTaskExecutor'
2021-03-04 16:43:14,411 INFO [restartedMain] o.s.b.a.w.s.WelcomePageHandlerMapping [WelcomePageHandlerMapping.java:58] Adding welcome page template: index
2021-03-04 16:43:14,528 INFO [restartedMain] o.s.b.d.a.OptionalLiveReloadServer [OptionalLiveReloadServer.java:58] LiveReload server is running on port 35729
2021-03-04 16:43:14,545 INFO [restartedMain] o.a.c.h.Http11NioProtocol [DirectJDKLog.java:173] Starting ProtocolHandler ["http-nio-8080"]
2021-03-04 16:43:14,558 INFO [restartedMain] o.s.b.w.e.t.TomcatWebServer [TomcatWebServer.java:220] Tomcat started on port(s): 8080 (http) with context path '/mycommunity'
2021-03-04 16:43:14,568 INFO [restartedMain] c.e.c.m.MycommunityApplication [StartupInfoLogger.java:61] Started MycommunityApplication in 2.172 seconds (JVM running for 3.02)
2021-03-04 16:43:17,411 INFO [http-nio-8080-exec-1] o.a.c.c.C.[.[.[/mycommunity] [DirectJDKLog.java:173] Initializing Spring DispatcherServlet 'dispatcherServlet'
2021-03-04 16:43:17,412 INFO [http-nio-8080-exec-1] o.s.w.s.DispatcherServlet [FrameworkServlet.java:525] Initializing Servlet 'dispatcherServlet'
2021-03-04 16:43:17,413 INFO [http-nio-8080-exec-1] o.s.w.s.DispatcherServlet [FrameworkServlet.java:547] Completed initialization in 1 ms
2021-03-04 16:43:17,468 INFO [http-nio-8080-exec-1] c.z.h.HikariDataSource [HikariDataSource.java:110] HikariPool-1 - Starting...
2021-03-04 16:43:17,563 INFO [http-nio-8080-exec-1] c.z.h.HikariDataSource [HikariDataSource.java:123] HikariPool-1 - Start completed.
2021-03-04 16:44:33,124 INFO [restartedMain] c.e.c.m.MycommunityApplication [StartupInfoLogger.java:55] Starting MycommunityApplication using Java 1.8.0_271 on LAPTOP-UCCD16F6 with PID 12464 (D:\PracticeProject\mycommunity\target\classes started by Alex in D:\PracticeProject\mycommunity)
2021-03-04 16:44:33,127 INFO [restartedMain] c.e.c.m.MycommunityApplication [SpringApplication.java:660] No active profile set, falling back to default profiles: default
2021-03-04 16:44:33,178 INFO [restartedMain] o.s.b.d.e.DevToolsPropertyDefaultsPostProcessor [DeferredLog.java:255] Devtools property defaults active! Set 'spring.devtools.add-properties' to 'false' to disable
2021-03-04 16:44:33,179 INFO [restartedMain] o.s.b.d.e.DevToolsPropertyDefaultsPostProcessor [DeferredLog.java:255] For additional web related logging consider setting the 'logging.level.web' property to 'DEBUG'
2021-03-04 16:44:34,163 INFO [restartedMain] o.s.b.w.e.t.TomcatWebServer [TomcatWebServer.java:108] Tomcat initialized with port(s): 8080 (http)
2021-03-04 16:44:34,172 INFO [restartedMain] o.a.c.h.Http11NioProtocol [DirectJDKLog.java:173] Initializing ProtocolHandler ["http-nio-8080"]
2021-03-04 16:44:34,173 INFO [restartedMain] o.a.c.c.StandardService [DirectJDKLog.java:173] Starting service [Tomcat]
2021-03-04 16:44:34,173 INFO [restartedMain] o.a.c.c.StandardEngine [DirectJDKLog.java:173] Starting Servlet engine: [Apache Tomcat/9.0.39]
2021-03-04 16:44:34,263 INFO [restartedMain] o.a.c.c.C.[.[.[/mycommunity] [DirectJDKLog.java:173] Initializing Spring embedded WebApplicationContext
2021-03-04 16:44:34,263 INFO [restartedMain] o.s.b.w.s.c.ServletWebServerApplicationContext [ServletWebServerApplicationContext.java:289] Root WebApplicationContext: initialization completed in 1083 ms
2021-03-04 16:44:34,565 INFO [restartedMain] o.s.b.f.a.AutowiredAnnotationBeanPostProcessor [AutowiredAnnotationBeanPostProcessor.java:478] Autowired annotation is not supported on static fields: private static final org.slf4j.Logger cn.edu.cug.mycommunity.controller.LoginController.logger
2021-03-04 16:44:34,672 INFO [restartedMain] o.s.s.c.ThreadPoolTaskExecutor [ExecutorConfigurationSupport.java:181] Initializing ExecutorService 'applicationTaskExecutor'
2021-03-04 16:44:34,790 INFO [restartedMain] o.s.b.a.w.s.WelcomePageHandlerMapping [WelcomePageHandlerMapping.java:58] Adding welcome page template: index
2021-03-04 16:44:34,915 INFO [restartedMain] o.s.b.d.a.OptionalLiveReloadServer [OptionalLiveReloadServer.java:58] LiveReload server is running on port 35729
2021-03-04 16:44:34,933 INFO [restartedMain] o.a.c.h.Http11NioProtocol [DirectJDKLog.java:173] Starting ProtocolHandler ["http-nio-8080"]
2021-03-04 16:44:34,949 INFO [restartedMain] o.s.b.w.e.t.TomcatWebServer [TomcatWebServer.java:220] Tomcat started on port(s): 8080 (http) with context path '/mycommunity'
2021-03-04 16:44:34,961 INFO [restartedMain] c.e.c.m.MycommunityApplication [StartupInfoLogger.java:61] Started MycommunityApplication in 2.235 seconds (JVM running for 3.117)
2021-03-04 16:44:44,268 INFO [http-nio-8080-exec-2] o.a.c.c.C.[.[.[/mycommunity] [DirectJDKLog.java:173] Initializing Spring DispatcherServlet 'dispatcherServlet'
2021-03-04 16:44:44,269 INFO [http-nio-8080-exec-2] o.s.w.s.DispatcherServlet [FrameworkServlet.java:525] Initializing Servlet 'dispatcherServlet'
2021-03-04 16:44:44,270 INFO [http-nio-8080-exec-2] o.s.w.s.DispatcherServlet [FrameworkServlet.java:547] Completed initialization in 1 ms
2021-03-04 16:44:44,320 INFO [http-nio-8080-exec-2] c.z.h.HikariDataSource [HikariDataSource.java:110] HikariPool-1 - Starting...
2021-03-04 16:44:44,409 INFO [http-nio-8080-exec-2] c.z.h.HikariDataSource [HikariDataSource.java:123] HikariPool-1 - Start completed.
