2021-03-11 14:41:34,152 INFO [restartedMain] c.e.c.m.MycommunityApplication [StartupInfoLogger.java:55] Starting MycommunityApplication using Java 1.8.0_271 on LAPTOP-UCCD16F6 with PID 248 (D:\PracticeProject\mycommunity\target\classes started by Alex in D:\PracticeProject\mycommunity)
2021-03-11 14:41:34,160 INFO [restartedMain] c.e.c.m.MycommunityApplication [SpringApplication.java:660] No active profile set, falling back to default profiles: default
2021-03-11 14:41:34,215 INFO [restartedMain] o.s.b.d.e.DevToolsPropertyDefaultsPostProcessor [DeferredLog.java:255] Devtools property defaults active! Set 'spring.devtools.add-properties' to 'false' to disable
2021-03-11 14:41:34,215 INFO [restartedMain] o.s.b.d.e.DevToolsPropertyDefaultsPostProcessor [DeferredLog.java:255] For additional web related logging consider setting the 'logging.level.web' property to 'DEBUG'
2021-03-11 14:41:35,254 INFO [restartedMain] o.s.b.w.e.t.TomcatWebServer [TomcatWebServer.java:108] Tomcat initialized with port(s): 8080 (http)
2021-03-11 14:41:35,262 INFO [restartedMain] o.a.c.h.Http11NioProtocol [DirectJDKLog.java:173] Initializing ProtocolHandler ["http-nio-8080"]
2021-03-11 14:41:35,263 INFO [restartedMain] o.a.c.c.StandardService [DirectJDKLog.java:173] Starting service [Tomcat]
2021-03-11 14:41:35,263 INFO [restartedMain] o.a.c.c.StandardEngine [DirectJDKLog.java:173] Starting Servlet engine: [Apache Tomcat/9.0.39]
2021-03-11 14:41:35,348 INFO [restartedMain] o.a.c.c.C.[.[.[/mycommunity] [DirectJDKLog.java:173] Initializing Spring embedded WebApplicationContext
2021-03-11 14:41:35,349 INFO [restartedMain] o.s.b.w.s.c.ServletWebServerApplicationContext [ServletWebServerApplicationContext.java:289] Root WebApplicationContext: initialization completed in 1133 ms
2021-03-11 14:41:35,696 INFO [restartedMain] o.s.b.f.a.AutowiredAnnotationBeanPostProcessor [AutowiredAnnotationBeanPostProcessor.java:478] Autowired annotation is not supported on static fields: private static final org.slf4j.Logger cn.edu.cug.mycommunity.controller.LoginController.logger
2021-03-11 14:41:35,803 INFO [restartedMain] o.s.s.c.ThreadPoolTaskExecutor [ExecutorConfigurationSupport.java:181] Initializing ExecutorService 'applicationTaskExecutor'
2021-03-11 14:41:35,920 INFO [restartedMain] o.s.b.a.w.s.WelcomePageHandlerMapping [WelcomePageHandlerMapping.java:58] Adding welcome page template: index
2021-03-11 14:41:36,036 INFO [restartedMain] o.s.b.d.a.OptionalLiveReloadServer [OptionalLiveReloadServer.java:58] LiveReload server is running on port 35729
2021-03-11 14:41:36,050 INFO [restartedMain] o.a.c.h.Http11NioProtocol [DirectJDKLog.java:173] Starting ProtocolHandler ["http-nio-8080"]
2021-03-11 14:41:36,064 INFO [restartedMain] o.s.b.w.e.t.TomcatWebServer [TomcatWebServer.java:220] Tomcat started on port(s): 8080 (http) with context path '/mycommunity'
2021-03-11 14:41:36,074 INFO [restartedMain] c.e.c.m.MycommunityApplication [StartupInfoLogger.java:61] Started MycommunityApplication in 2.383 seconds (JVM running for 3.318)
2021-03-11 14:42:10,213 INFO [http-nio-8080-exec-1] o.a.c.c.C.[.[.[/mycommunity] [DirectJDKLog.java:173] Initializing Spring DispatcherServlet 'dispatcherServlet'
2021-03-11 14:42:10,214 INFO [http-nio-8080-exec-1] o.s.w.s.DispatcherServlet [FrameworkServlet.java:525] Initializing Servlet 'dispatcherServlet'
2021-03-11 14:42:10,215 INFO [http-nio-8080-exec-1] o.s.w.s.DispatcherServlet [FrameworkServlet.java:547] Completed initialization in 1 ms
2021-03-11 14:42:10,269 INFO [http-nio-8080-exec-1] c.z.h.HikariDataSource [HikariDataSource.java:110] HikariPool-1 - Starting...
2021-03-11 14:42:10,376 INFO [http-nio-8080-exec-1] c.z.h.HikariDataSource [HikariDataSource.java:123] HikariPool-1 - Start completed.
2021-03-11 14:51:22,195 INFO [restartedMain] c.e.c.m.MycommunityApplication [StartupInfoLogger.java:55] Starting MycommunityApplication using Java 1.8.0_271 on LAPTOP-UCCD16F6 with PID 15152 (D:\PracticeProject\mycommunity\target\classes started by Alex in D:\PracticeProject\mycommunity)
2021-03-11 14:51:22,198 INFO [restartedMain] c.e.c.m.MycommunityApplication [SpringApplication.java:660] No active profile set, falling back to default profiles: default
2021-03-11 14:51:22,234 INFO [restartedMain] o.s.b.d.e.DevToolsPropertyDefaultsPostProcessor [DeferredLog.java:255] Devtools property defaults active! Set 'spring.devtools.add-properties' to 'false' to disable
2021-03-11 14:51:22,235 INFO [restartedMain] o.s.b.d.e.DevToolsPropertyDefaultsPostProcessor [DeferredLog.java:255] For additional web related logging consider setting the 'logging.level.web' property to 'DEBUG'
2021-03-11 14:51:23,149 INFO [restartedMain] o.s.b.w.e.t.TomcatWebServer [TomcatWebServer.java:108] Tomcat initialized with port(s): 8080 (http)
2021-03-11 14:51:23,155 INFO [restartedMain] o.a.c.h.Http11NioProtocol [DirectJDKLog.java:173] Initializing ProtocolHandler ["http-nio-8080"]
2021-03-11 14:51:23,156 INFO [restartedMain] o.a.c.c.StandardService [DirectJDKLog.java:173] Starting service [Tomcat]
2021-03-11 14:51:23,156 INFO [restartedMain] o.a.c.c.StandardEngine [DirectJDKLog.java:173] Starting Servlet engine: [Apache Tomcat/9.0.39]
2021-03-11 14:51:23,232 INFO [restartedMain] o.a.c.c.C.[.[.[/mycommunity] [DirectJDKLog.java:173] Initializing Spring embedded WebApplicationContext
2021-03-11 14:51:23,232 INFO [restartedMain] o.s.b.w.s.c.ServletWebServerApplicationContext [ServletWebServerApplicationContext.java:289] Root WebApplicationContext: initialization completed in 996 ms
2021-03-11 14:51:23,507 INFO [restartedMain] o.s.b.f.a.AutowiredAnnotationBeanPostProcessor [AutowiredAnnotationBeanPostProcessor.java:478] Autowired annotation is not supported on static fields: private static final org.slf4j.Logger cn.edu.cug.mycommunity.controller.LoginController.logger
2021-03-11 14:51:23,606 INFO [restartedMain] o.s.s.c.ThreadPoolTaskExecutor [ExecutorConfigurationSupport.java:181] Initializing ExecutorService 'applicationTaskExecutor'
2021-03-11 14:51:23,710 INFO [restartedMain] o.s.b.a.w.s.WelcomePageHandlerMapping [WelcomePageHandlerMapping.java:58] Adding welcome page template: index
2021-03-11 14:51:23,818 INFO [restartedMain] o.s.b.d.a.OptionalLiveReloadServer [OptionalLiveReloadServer.java:58] LiveReload server is running on port 35729
2021-03-11 14:51:23,832 INFO [restartedMain] o.a.c.h.Http11NioProtocol [DirectJDKLog.java:173] Starting ProtocolHandler ["http-nio-8080"]
2021-03-11 14:51:23,845 INFO [restartedMain] o.s.b.w.e.t.TomcatWebServer [TomcatWebServer.java:220] Tomcat started on port(s): 8080 (http) with context path '/mycommunity'
2021-03-11 14:51:23,855 INFO [restartedMain] c.e.c.m.MycommunityApplication [StartupInfoLogger.java:61] Started MycommunityApplication in 2.023 seconds (JVM running for 2.783)
2021-03-11 14:51:28,500 INFO [http-nio-8080-exec-1] o.a.c.c.C.[.[.[/mycommunity] [DirectJDKLog.java:173] Initializing Spring DispatcherServlet 'dispatcherServlet'
2021-03-11 14:51:28,500 INFO [http-nio-8080-exec-1] o.s.w.s.DispatcherServlet [FrameworkServlet.java:525] Initializing Servlet 'dispatcherServlet'
2021-03-11 14:51:28,501 INFO [http-nio-8080-exec-1] o.s.w.s.DispatcherServlet [FrameworkServlet.java:547] Completed initialization in 1 ms
2021-03-11 14:51:28,548 INFO [http-nio-8080-exec-1] c.z.h.HikariDataSource [HikariDataSource.java:110] HikariPool-1 - Starting...
2021-03-11 14:51:28,633 INFO [http-nio-8080-exec-1] c.z.h.HikariDataSource [HikariDataSource.java:123] HikariPool-1 - Start completed.
