2020-12-11 08:40:00,843 INFO [restartedMain] c.e.c.m.MycommunityApplication [StartupInfoLogger.java:55] Starting MycommunityApplication using Java 1.8.0_271 on LAPTOP-UCCD16F6 with PID 22356 (D:\PracticeProject\mycommunity\target\classes started by Alex in D:\PracticeProject\mycommunity)
2020-12-11 08:40:00,851 INFO [restartedMain] c.e.c.m.MycommunityApplication [SpringApplication.java:660] No active profile set, falling back to default profiles: default
2020-12-11 08:40:00,904 INFO [restartedMain] o.s.b.d.e.DevToolsPropertyDefaultsPostProcessor [DeferredLog.java:255] Devtools property defaults active! Set 'spring.devtools.add-properties' to 'false' to disable
2020-12-11 08:40:00,904 INFO [restartedMain] o.s.b.d.e.DevToolsPropertyDefaultsPostProcessor [DeferredLog.java:255] For additional web related logging consider setting the 'logging.level.web' property to 'DEBUG'
2020-12-11 08:40:01,930 INFO [restartedMain] o.s.b.w.e.t.TomcatWebServer [TomcatWebServer.java:108] Tomcat initialized with port(s): 8080 (http)
2020-12-11 08:40:01,939 INFO [restartedMain] o.a.c.h.Http11NioProtocol [DirectJDKLog.java:173] Initializing ProtocolHandler ["http-nio-8080"]
2020-12-11 08:40:01,940 INFO [restartedMain] o.a.c.c.StandardService [DirectJDKLog.java:173] Starting service [Tomcat]
2020-12-11 08:40:01,940 INFO [restartedMain] o.a.c.c.StandardEngine [DirectJDKLog.java:173] Starting Servlet engine: [Apache Tomcat/9.0.39]
2020-12-11 08:40:02,033 INFO [restartedMain] o.a.c.c.C.[.[.[/mycommunity] [DirectJDKLog.java:173] Initializing Spring embedded WebApplicationContext
2020-12-11 08:40:02,033 INFO [restartedMain] o.s.b.w.s.c.ServletWebServerApplicationContext [ServletWebServerApplicationContext.java:289] Root WebApplicationContext: initialization completed in 1127 ms
2020-12-11 08:40:02,473 INFO [restartedMain] o.s.s.c.ThreadPoolTaskExecutor [ExecutorConfigurationSupport.java:181] Initializing ExecutorService 'applicationTaskExecutor'
2020-12-11 08:40:02,589 INFO [restartedMain] o.s.b.a.w.s.WelcomePageHandlerMapping [WelcomePageHandlerMapping.java:58] Adding welcome page template: index
2020-12-11 08:40:02,709 INFO [restartedMain] o.s.b.d.a.OptionalLiveReloadServer [OptionalLiveReloadServer.java:58] LiveReload server is running on port 35729
2020-12-11 08:40:02,724 INFO [restartedMain] o.a.c.h.Http11NioProtocol [DirectJDKLog.java:173] Starting ProtocolHandler ["http-nio-8080"]
2020-12-11 08:40:02,737 INFO [restartedMain] o.s.b.w.e.t.TomcatWebServer [TomcatWebServer.java:220] Tomcat started on port(s): 8080 (http) with context path '/mycommunity'
2020-12-11 08:40:02,748 INFO [restartedMain] c.e.c.m.MycommunityApplication [StartupInfoLogger.java:61] Started MycommunityApplication in 2.377 seconds (JVM running for 3.346)
2020-12-11 08:40:13,930 INFO [http-nio-8080-exec-1] o.a.c.c.C.[.[.[/mycommunity] [DirectJDKLog.java:173] Initializing Spring DispatcherServlet 'dispatcherServlet'
2020-12-11 08:40:13,930 INFO [http-nio-8080-exec-1] o.s.w.s.DispatcherServlet [FrameworkServlet.java:525] Initializing Servlet 'dispatcherServlet'
2020-12-11 08:40:13,931 INFO [http-nio-8080-exec-1] o.s.w.s.DispatcherServlet [FrameworkServlet.java:547] Completed initialization in 1 ms
2020-12-11 08:40:13,987 INFO [http-nio-8080-exec-1] c.z.h.HikariDataSource [HikariDataSource.java:110] HikariPool-1 - Starting...
2020-12-11 08:40:14,100 INFO [http-nio-8080-exec-1] c.z.h.HikariDataSource [HikariDataSource.java:123] HikariPool-1 - Start completed.
2020-12-11 09:11:29,316 INFO [restartedMain] c.e.c.m.MycommunityApplication [StartupInfoLogger.java:55] Starting MycommunityApplication using Java 1.8.0_271 on LAPTOP-UCCD16F6 with PID 2912 (D:\PracticeProject\mycommunity\target\classes started by Alex in D:\PracticeProject\mycommunity)
2020-12-11 09:11:29,319 INFO [restartedMain] c.e.c.m.MycommunityApplication [SpringApplication.java:660] No active profile set, falling back to default profiles: default
2020-12-11 09:11:29,369 INFO [restartedMain] o.s.b.d.e.DevToolsPropertyDefaultsPostProcessor [DeferredLog.java:255] Devtools property defaults active! Set 'spring.devtools.add-properties' to 'false' to disable
2020-12-11 09:11:29,369 INFO [restartedMain] o.s.b.d.e.DevToolsPropertyDefaultsPostProcessor [DeferredLog.java:255] For additional web related logging consider setting the 'logging.level.web' property to 'DEBUG'
2020-12-11 09:11:30,257 INFO [restartedMain] o.s.b.w.e.t.TomcatWebServer [TomcatWebServer.java:108] Tomcat initialized with port(s): 8080 (http)
2020-12-11 09:11:30,264 INFO [restartedMain] o.a.c.h.Http11NioProtocol [DirectJDKLog.java:173] Initializing ProtocolHandler ["http-nio-8080"]
2020-12-11 09:11:30,265 INFO [restartedMain] o.a.c.c.StandardService [DirectJDKLog.java:173] Starting service [Tomcat]
2020-12-11 09:11:30,265 INFO [restartedMain] o.a.c.c.StandardEngine [DirectJDKLog.java:173] Starting Servlet engine: [Apache Tomcat/9.0.39]
2020-12-11 09:11:30,347 INFO [restartedMain] o.a.c.c.C.[.[.[/mycommunity] [DirectJDKLog.java:173] Initializing Spring embedded WebApplicationContext
2020-12-11 09:11:30,347 INFO [restartedMain] o.s.b.w.s.c.ServletWebServerApplicationContext [ServletWebServerApplicationContext.java:289] Root WebApplicationContext: initialization completed in 977 ms
2020-12-11 09:11:30,704 INFO [restartedMain] o.s.s.c.ThreadPoolTaskExecutor [ExecutorConfigurationSupport.java:181] Initializing ExecutorService 'applicationTaskExecutor'
2020-12-11 09:11:30,793 INFO [restartedMain] o.s.b.a.w.s.WelcomePageHandlerMapping [WelcomePageHandlerMapping.java:58] Adding welcome page template: index
2020-12-11 09:11:30,897 INFO [restartedMain] o.s.b.d.a.OptionalLiveReloadServer [OptionalLiveReloadServer.java:58] LiveReload server is running on port 35729
2020-12-11 09:11:30,912 INFO [restartedMain] o.a.c.h.Http11NioProtocol [DirectJDKLog.java:173] Starting ProtocolHandler ["http-nio-8080"]
2020-12-11 09:11:30,925 INFO [restartedMain] o.s.b.w.e.t.TomcatWebServer [TomcatWebServer.java:220] Tomcat started on port(s): 8080 (http) with context path '/mycommunity'
2020-12-11 09:11:30,935 INFO [restartedMain] c.e.c.m.MycommunityApplication [StartupInfoLogger.java:61] Started MycommunityApplication in 1.987 seconds (JVM running for 2.727)
2020-12-11 09:11:43,661 INFO [http-nio-8080-exec-1] o.a.c.c.C.[.[.[/mycommunity] [DirectJDKLog.java:173] Initializing Spring DispatcherServlet 'dispatcherServlet'
2020-12-11 09:11:43,662 INFO [http-nio-8080-exec-1] o.s.w.s.DispatcherServlet [FrameworkServlet.java:525] Initializing Servlet 'dispatcherServlet'
2020-12-11 09:11:43,663 INFO [http-nio-8080-exec-1] o.s.w.s.DispatcherServlet [FrameworkServlet.java:547] Completed initialization in 1 ms
2020-12-11 09:11:43,709 INFO [http-nio-8080-exec-1] c.z.h.HikariDataSource [HikariDataSource.java:110] HikariPool-1 - Starting...
2020-12-11 09:11:43,794 INFO [http-nio-8080-exec-1] c.z.h.HikariDataSource [HikariDataSource.java:123] HikariPool-1 - Start completed.
2020-12-11 09:16:54,341 INFO [restartedMain] c.e.c.m.MycommunityApplication [StartupInfoLogger.java:55] Starting MycommunityApplication using Java 1.8.0_271 on LAPTOP-UCCD16F6 with PID 11588 (D:\PracticeProject\mycommunity\target\classes started by Alex in D:\PracticeProject\mycommunity)
2020-12-11 09:16:54,344 INFO [restartedMain] c.e.c.m.MycommunityApplication [SpringApplication.java:660] No active profile set, falling back to default profiles: default
2020-12-11 09:16:54,389 INFO [restartedMain] o.s.b.d.e.DevToolsPropertyDefaultsPostProcessor [DeferredLog.java:255] Devtools property defaults active! Set 'spring.devtools.add-properties' to 'false' to disable
2020-12-11 09:16:54,390 INFO [restartedMain] o.s.b.d.e.DevToolsPropertyDefaultsPostProcessor [DeferredLog.java:255] For additional web related logging consider setting the 'logging.level.web' property to 'DEBUG'
2020-12-11 09:16:55,430 INFO [restartedMain] o.s.b.w.e.t.TomcatWebServer [TomcatWebServer.java:108] Tomcat initialized with port(s): 8080 (http)
2020-12-11 09:16:55,439 INFO [restartedMain] o.a.c.h.Http11NioProtocol [DirectJDKLog.java:173] Initializing ProtocolHandler ["http-nio-8080"]
2020-12-11 09:16:55,440 INFO [restartedMain] o.a.c.c.StandardService [DirectJDKLog.java:173] Starting service [Tomcat]
2020-12-11 09:16:55,440 INFO [restartedMain] o.a.c.c.StandardEngine [DirectJDKLog.java:173] Starting Servlet engine: [Apache Tomcat/9.0.39]
2020-12-11 09:16:55,525 INFO [restartedMain] o.a.c.c.C.[.[.[/mycommunity] [DirectJDKLog.java:173] Initializing Spring embedded WebApplicationContext
2020-12-11 09:16:55,526 INFO [restartedMain] o.s.b.w.s.c.ServletWebServerApplicationContext [ServletWebServerApplicationContext.java:289] Root WebApplicationContext: initialization completed in 1135 ms
2020-12-11 09:16:56,044 INFO [restartedMain] o.s.s.c.ThreadPoolTaskExecutor [ExecutorConfigurationSupport.java:181] Initializing ExecutorService 'applicationTaskExecutor'
2020-12-11 09:16:56,111 INFO [restartedMain] o.s.b.a.w.s.WelcomePageHandlerMapping [WelcomePageHandlerMapping.java:58] Adding welcome page template: index
2020-12-11 09:16:56,230 INFO [restartedMain] o.s.b.d.a.OptionalLiveReloadServer [OptionalLiveReloadServer.java:58] LiveReload server is running on port 35729
2020-12-11 09:16:56,246 INFO [restartedMain] o.a.c.h.Http11NioProtocol [DirectJDKLog.java:173] Starting ProtocolHandler ["http-nio-8080"]
2020-12-11 09:16:56,262 INFO [restartedMain] o.s.b.w.e.t.TomcatWebServer [TomcatWebServer.java:220] Tomcat started on port(s): 8080 (http) with context path '/mycommunity'
2020-12-11 09:16:56,273 INFO [restartedMain] c.e.c.m.MycommunityApplication [StartupInfoLogger.java:61] Started MycommunityApplication in 2.35 seconds (JVM running for 3.797)
2020-12-11 09:17:01,374 INFO [http-nio-8080-exec-1] o.a.c.c.C.[.[.[/mycommunity] [DirectJDKLog.java:173] Initializing Spring DispatcherServlet 'dispatcherServlet'
2020-12-11 09:17:01,374 INFO [http-nio-8080-exec-1] o.s.w.s.DispatcherServlet [FrameworkServlet.java:525] Initializing Servlet 'dispatcherServlet'
2020-12-11 09:17:01,375 INFO [http-nio-8080-exec-1] o.s.w.s.DispatcherServlet [FrameworkServlet.java:547] Completed initialization in 0 ms
2020-12-11 09:18:27,282 INFO [SpringContextShutdownHook] o.s.s.c.ThreadPoolTaskExecutor [ExecutorConfigurationSupport.java:218] Shutting down ExecutorService 'applicationTaskExecutor'
2020-12-11 09:18:30,952 INFO [restartedMain] c.e.c.m.MycommunityApplication [StartupInfoLogger.java:55] Starting MycommunityApplication using Java 1.8.0_271 on LAPTOP-UCCD16F6 with PID 13860 (D:\PracticeProject\mycommunity\target\classes started by Alex in D:\PracticeProject\mycommunity)
2020-12-11 09:18:30,955 INFO [restartedMain] c.e.c.m.MycommunityApplication [SpringApplication.java:660] No active profile set, falling back to default profiles: default
2020-12-11 09:18:31,007 INFO [restartedMain] o.s.b.d.e.DevToolsPropertyDefaultsPostProcessor [DeferredLog.java:255] Devtools property defaults active! Set 'spring.devtools.add-properties' to 'false' to disable
2020-12-11 09:18:31,007 INFO [restartedMain] o.s.b.d.e.DevToolsPropertyDefaultsPostProcessor [DeferredLog.java:255] For additional web related logging consider setting the 'logging.level.web' property to 'DEBUG'
2020-12-11 09:18:32,031 INFO [restartedMain] o.s.b.w.e.t.TomcatWebServer [TomcatWebServer.java:108] Tomcat initialized with port(s): 8080 (http)
2020-12-11 09:18:32,040 INFO [restartedMain] o.a.c.h.Http11NioProtocol [DirectJDKLog.java:173] Initializing ProtocolHandler ["http-nio-8080"]
2020-12-11 09:18:32,041 INFO [restartedMain] o.a.c.c.StandardService [DirectJDKLog.java:173] Starting service [Tomcat]
2020-12-11 09:18:32,041 INFO [restartedMain] o.a.c.c.StandardEngine [DirectJDKLog.java:173] Starting Servlet engine: [Apache Tomcat/9.0.39]
2020-12-11 09:18:32,132 INFO [restartedMain] o.a.c.c.C.[.[.[/mycommunity] [DirectJDKLog.java:173] Initializing Spring embedded WebApplicationContext
2020-12-11 09:18:32,133 INFO [restartedMain] o.s.b.w.s.c.ServletWebServerApplicationContext [ServletWebServerApplicationContext.java:289] Root WebApplicationContext: initialization completed in 1125 ms
2020-12-11 09:18:32,604 INFO [restartedMain] o.s.s.c.ThreadPoolTaskExecutor [ExecutorConfigurationSupport.java:181] Initializing ExecutorService 'applicationTaskExecutor'
2020-12-11 09:18:32,677 INFO [restartedMain] o.s.b.a.w.s.WelcomePageHandlerMapping [WelcomePageHandlerMapping.java:58] Adding welcome page template: index
2020-12-11 09:18:32,798 INFO [restartedMain] o.s.b.d.a.OptionalLiveReloadServer [OptionalLiveReloadServer.java:58] LiveReload server is running on port 35729
2020-12-11 09:18:32,814 INFO [restartedMain] o.a.c.h.Http11NioProtocol [DirectJDKLog.java:173] Starting ProtocolHandler ["http-nio-8080"]
2020-12-11 09:18:32,829 INFO [restartedMain] o.s.b.w.e.t.TomcatWebServer [TomcatWebServer.java:220] Tomcat started on port(s): 8080 (http) with context path '/mycommunity'
2020-12-11 09:18:32,840 INFO [restartedMain] c.e.c.m.MycommunityApplication [StartupInfoLogger.java:61] Started MycommunityApplication in 2.417 seconds (JVM running for 3.274)
2020-12-11 09:18:36,493 INFO [http-nio-8080-exec-1] o.a.c.c.C.[.[.[/mycommunity] [DirectJDKLog.java:173] Initializing Spring DispatcherServlet 'dispatcherServlet'
2020-12-11 09:18:36,493 INFO [http-nio-8080-exec-1] o.s.w.s.DispatcherServlet [FrameworkServlet.java:525] Initializing Servlet 'dispatcherServlet'
2020-12-11 09:18:36,494 INFO [http-nio-8080-exec-1] o.s.w.s.DispatcherServlet [FrameworkServlet.java:547] Completed initialization in 1 ms
2020-12-11 09:18:54,765 INFO [SpringContextShutdownHook] o.s.s.c.ThreadPoolTaskExecutor [ExecutorConfigurationSupport.java:218] Shutting down ExecutorService 'applicationTaskExecutor'
2020-12-11 09:18:58,405 INFO [restartedMain] c.e.c.m.MycommunityApplication [StartupInfoLogger.java:55] Starting MycommunityApplication using Java 1.8.0_271 on LAPTOP-UCCD16F6 with PID 21808 (D:\PracticeProject\mycommunity\target\classes started by Alex in D:\PracticeProject\mycommunity)
2020-12-11 09:18:58,409 INFO [restartedMain] c.e.c.m.MycommunityApplication [SpringApplication.java:660] No active profile set, falling back to default profiles: default
2020-12-11 09:18:58,457 INFO [restartedMain] o.s.b.d.e.DevToolsPropertyDefaultsPostProcessor [DeferredLog.java:255] Devtools property defaults active! Set 'spring.devtools.add-properties' to 'false' to disable
2020-12-11 09:18:58,458 INFO [restartedMain] o.s.b.d.e.DevToolsPropertyDefaultsPostProcessor [DeferredLog.java:255] For additional web related logging consider setting the 'logging.level.web' property to 'DEBUG'
2020-12-11 09:18:59,475 INFO [restartedMain] o.s.b.w.e.t.TomcatWebServer [TomcatWebServer.java:108] Tomcat initialized with port(s): 8080 (http)
2020-12-11 09:18:59,483 INFO [restartedMain] o.a.c.h.Http11NioProtocol [DirectJDKLog.java:173] Initializing ProtocolHandler ["http-nio-8080"]
2020-12-11 09:18:59,484 INFO [restartedMain] o.a.c.c.StandardService [DirectJDKLog.java:173] Starting service [Tomcat]
2020-12-11 09:18:59,484 INFO [restartedMain] o.a.c.c.StandardEngine [DirectJDKLog.java:173] Starting Servlet engine: [Apache Tomcat/9.0.39]
2020-12-11 09:18:59,574 INFO [restartedMain] o.a.c.c.C.[.[.[/mycommunity] [DirectJDKLog.java:173] Initializing Spring embedded WebApplicationContext
2020-12-11 09:18:59,574 INFO [restartedMain] o.s.b.w.s.c.ServletWebServerApplicationContext [ServletWebServerApplicationContext.java:289] Root WebApplicationContext: initialization completed in 1115 ms
2020-12-11 09:19:00,090 INFO [restartedMain] o.s.s.c.ThreadPoolTaskExecutor [ExecutorConfigurationSupport.java:181] Initializing ExecutorService 'applicationTaskExecutor'
2020-12-11 09:19:00,156 INFO [restartedMain] o.s.b.a.w.s.WelcomePageHandlerMapping [WelcomePageHandlerMapping.java:58] Adding welcome page template: index
2020-12-11 09:19:00,276 INFO [restartedMain] o.s.b.d.a.OptionalLiveReloadServer [OptionalLiveReloadServer.java:58] LiveReload server is running on port 35729
2020-12-11 09:19:00,291 INFO [restartedMain] o.a.c.h.Http11NioProtocol [DirectJDKLog.java:173] Starting ProtocolHandler ["http-nio-8080"]
2020-12-11 09:19:00,308 INFO [restartedMain] o.s.b.w.e.t.TomcatWebServer [TomcatWebServer.java:220] Tomcat started on port(s): 8080 (http) with context path '/mycommunity'
2020-12-11 09:19:00,319 INFO [restartedMain] c.e.c.m.MycommunityApplication [StartupInfoLogger.java:61] Started MycommunityApplication in 2.387 seconds (JVM running for 3.244)
2020-12-11 09:19:08,812 INFO [http-nio-8080-exec-1] o.a.c.c.C.[.[.[/mycommunity] [DirectJDKLog.java:173] Initializing Spring DispatcherServlet 'dispatcherServlet'
2020-12-11 09:19:08,812 INFO [http-nio-8080-exec-1] o.s.w.s.DispatcherServlet [FrameworkServlet.java:525] Initializing Servlet 'dispatcherServlet'
2020-12-11 09:19:08,813 INFO [http-nio-8080-exec-1] o.s.w.s.DispatcherServlet [FrameworkServlet.java:547] Completed initialization in 1 ms
2020-12-11 09:24:04,460 INFO [SpringContextShutdownHook] o.s.s.c.ThreadPoolTaskExecutor [ExecutorConfigurationSupport.java:218] Shutting down ExecutorService 'applicationTaskExecutor'
2020-12-11 09:24:06,711 INFO [restartedMain] c.e.c.m.MycommunityApplication [StartupInfoLogger.java:55] Starting MycommunityApplication using Java 1.8.0_271 on LAPTOP-UCCD16F6 with PID 23076 (D:\PracticeProject\mycommunity\target\classes started by Alex in D:\PracticeProject\mycommunity)
2020-12-11 09:24:06,715 INFO [restartedMain] c.e.c.m.MycommunityApplication [SpringApplication.java:660] No active profile set, falling back to default profiles: default
2020-12-11 09:24:06,763 INFO [restartedMain] o.s.b.d.e.DevToolsPropertyDefaultsPostProcessor [DeferredLog.java:255] Devtools property defaults active! Set 'spring.devtools.add-properties' to 'false' to disable
2020-12-11 09:24:06,763 INFO [restartedMain] o.s.b.d.e.DevToolsPropertyDefaultsPostProcessor [DeferredLog.java:255] For additional web related logging consider setting the 'logging.level.web' property to 'DEBUG'
2020-12-11 09:24:07,776 INFO [restartedMain] o.s.b.w.e.t.TomcatWebServer [TomcatWebServer.java:108] Tomcat initialized with port(s): 8080 (http)
2020-12-11 09:24:07,785 INFO [restartedMain] o.a.c.h.Http11NioProtocol [DirectJDKLog.java:173] Initializing ProtocolHandler ["http-nio-8080"]
2020-12-11 09:24:07,786 INFO [restartedMain] o.a.c.c.StandardService [DirectJDKLog.java:173] Starting service [Tomcat]
2020-12-11 09:24:07,786 INFO [restartedMain] o.a.c.c.StandardEngine [DirectJDKLog.java:173] Starting Servlet engine: [Apache Tomcat/9.0.39]
2020-12-11 09:24:07,874 INFO [restartedMain] o.a.c.c.C.[.[.[/mycommunity] [DirectJDKLog.java:173] Initializing Spring embedded WebApplicationContext
2020-12-11 09:24:07,875 INFO [restartedMain] o.s.b.w.s.c.ServletWebServerApplicationContext [ServletWebServerApplicationContext.java:289] Root WebApplicationContext: initialization completed in 1111 ms
2020-12-11 09:24:08,360 INFO [restartedMain] o.s.s.c.ThreadPoolTaskExecutor [ExecutorConfigurationSupport.java:181] Initializing ExecutorService 'applicationTaskExecutor'
2020-12-11 09:24:08,426 INFO [restartedMain] o.s.b.a.w.s.WelcomePageHandlerMapping [WelcomePageHandlerMapping.java:58] Adding welcome page template: index
2020-12-11 09:24:08,546 INFO [restartedMain] o.s.b.d.a.OptionalLiveReloadServer [OptionalLiveReloadServer.java:58] LiveReload server is running on port 35729
2020-12-11 09:24:08,565 INFO [restartedMain] o.a.c.h.Http11NioProtocol [DirectJDKLog.java:173] Starting ProtocolHandler ["http-nio-8080"]
2020-12-11 09:24:08,581 INFO [restartedMain] o.s.b.w.e.t.TomcatWebServer [TomcatWebServer.java:220] Tomcat started on port(s): 8080 (http) with context path '/mycommunity'
2020-12-11 09:24:08,593 INFO [restartedMain] c.e.c.m.MycommunityApplication [StartupInfoLogger.java:61] Started MycommunityApplication in 2.398 seconds (JVM running for 3.438)
2020-12-11 09:24:15,423 INFO [http-nio-8080-exec-1] o.a.c.c.C.[.[.[/mycommunity] [DirectJDKLog.java:173] Initializing Spring DispatcherServlet 'dispatcherServlet'
2020-12-11 09:24:15,423 INFO [http-nio-8080-exec-1] o.s.w.s.DispatcherServlet [FrameworkServlet.java:525] Initializing Servlet 'dispatcherServlet'
2020-12-11 09:24:15,424 INFO [http-nio-8080-exec-1] o.s.w.s.DispatcherServlet [FrameworkServlet.java:547] Completed initialization in 1 ms
2020-12-11 09:25:39,058 INFO [SpringContextShutdownHook] o.s.s.c.ThreadPoolTaskExecutor [ExecutorConfigurationSupport.java:218] Shutting down ExecutorService 'applicationTaskExecutor'
2020-12-11 09:25:42,573 INFO [restartedMain] c.e.c.m.MycommunityApplication [StartupInfoLogger.java:55] Starting MycommunityApplication using Java 1.8.0_271 on LAPTOP-UCCD16F6 with PID 8476 (D:\PracticeProject\mycommunity\target\classes started by Alex in D:\PracticeProject\mycommunity)
2020-12-11 09:25:42,578 INFO [restartedMain] c.e.c.m.MycommunityApplication [SpringApplication.java:660] No active profile set, falling back to default profiles: default
2020-12-11 09:25:42,626 INFO [restartedMain] o.s.b.d.e.DevToolsPropertyDefaultsPostProcessor [DeferredLog.java:255] Devtools property defaults active! Set 'spring.devtools.add-properties' to 'false' to disable
2020-12-11 09:25:42,626 INFO [restartedMain] o.s.b.d.e.DevToolsPropertyDefaultsPostProcessor [DeferredLog.java:255] For additional web related logging consider setting the 'logging.level.web' property to 'DEBUG'
2020-12-11 09:25:43,658 INFO [restartedMain] o.s.b.w.e.t.TomcatWebServer [TomcatWebServer.java:108] Tomcat initialized with port(s): 8080 (http)
2020-12-11 09:25:43,666 INFO [restartedMain] o.a.c.h.Http11NioProtocol [DirectJDKLog.java:173] Initializing ProtocolHandler ["http-nio-8080"]
2020-12-11 09:25:43,667 INFO [restartedMain] o.a.c.c.StandardService [DirectJDKLog.java:173] Starting service [Tomcat]
2020-12-11 09:25:43,667 INFO [restartedMain] o.a.c.c.StandardEngine [DirectJDKLog.java:173] Starting Servlet engine: [Apache Tomcat/9.0.39]
2020-12-11 09:25:43,756 INFO [restartedMain] o.a.c.c.C.[.[.[/mycommunity] [DirectJDKLog.java:173] Initializing Spring embedded WebApplicationContext
2020-12-11 09:25:43,756 INFO [restartedMain] o.s.b.w.s.c.ServletWebServerApplicationContext [ServletWebServerApplicationContext.java:289] Root WebApplicationContext: initialization completed in 1129 ms
2020-12-11 09:25:44,247 INFO [restartedMain] o.s.s.c.ThreadPoolTaskExecutor [ExecutorConfigurationSupport.java:181] Initializing ExecutorService 'applicationTaskExecutor'
2020-12-11 09:25:44,314 INFO [restartedMain] o.s.b.a.w.s.WelcomePageHandlerMapping [WelcomePageHandlerMapping.java:58] Adding welcome page template: index
2020-12-11 09:25:44,437 INFO [restartedMain] o.s.b.d.a.OptionalLiveReloadServer [OptionalLiveReloadServer.java:58] LiveReload server is running on port 35729
2020-12-11 09:25:44,454 INFO [restartedMain] o.a.c.h.Http11NioProtocol [DirectJDKLog.java:173] Starting ProtocolHandler ["http-nio-8080"]
2020-12-11 09:25:44,471 INFO [restartedMain] o.s.b.w.e.t.TomcatWebServer [TomcatWebServer.java:220] Tomcat started on port(s): 8080 (http) with context path '/mycommunity'
2020-12-11 09:25:44,481 INFO [restartedMain] c.e.c.m.MycommunityApplication [StartupInfoLogger.java:61] Started MycommunityApplication in 2.362 seconds (JVM running for 3.232)
2020-12-11 09:25:52,043 INFO [http-nio-8080-exec-1] o.a.c.c.C.[.[.[/mycommunity] [DirectJDKLog.java:173] Initializing Spring DispatcherServlet 'dispatcherServlet'
2020-12-11 09:25:52,043 INFO [http-nio-8080-exec-1] o.s.w.s.DispatcherServlet [FrameworkServlet.java:525] Initializing Servlet 'dispatcherServlet'
2020-12-11 09:25:52,044 INFO [http-nio-8080-exec-1] o.s.w.s.DispatcherServlet [FrameworkServlet.java:547] Completed initialization in 1 ms
2020-12-11 09:33:56,055 INFO [SpringContextShutdownHook] o.s.s.c.ThreadPoolTaskExecutor [ExecutorConfigurationSupport.java:218] Shutting down ExecutorService 'applicationTaskExecutor'
2020-12-11 09:33:59,613 INFO [restartedMain] c.e.c.m.MycommunityApplication [StartupInfoLogger.java:55] Starting MycommunityApplication using Java 1.8.0_271 on LAPTOP-UCCD16F6 with PID 23300 (D:\PracticeProject\mycommunity\target\classes started by Alex in D:\PracticeProject\mycommunity)
2020-12-11 09:33:59,616 INFO [restartedMain] c.e.c.m.MycommunityApplication [SpringApplication.java:660] No active profile set, falling back to default profiles: default
2020-12-11 09:33:59,662 INFO [restartedMain] o.s.b.d.e.DevToolsPropertyDefaultsPostProcessor [DeferredLog.java:255] Devtools property defaults active! Set 'spring.devtools.add-properties' to 'false' to disable
2020-12-11 09:33:59,662 INFO [restartedMain] o.s.b.d.e.DevToolsPropertyDefaultsPostProcessor [DeferredLog.java:255] For additional web related logging consider setting the 'logging.level.web' property to 'DEBUG'
2020-12-11 09:34:00,678 INFO [restartedMain] o.s.b.w.e.t.TomcatWebServer [TomcatWebServer.java:108] Tomcat initialized with port(s): 8080 (http)
2020-12-11 09:34:00,687 INFO [restartedMain] o.a.c.h.Http11NioProtocol [DirectJDKLog.java:173] Initializing ProtocolHandler ["http-nio-8080"]
2020-12-11 09:34:00,688 INFO [restartedMain] o.a.c.c.StandardService [DirectJDKLog.java:173] Starting service [Tomcat]
2020-12-11 09:34:00,688 INFO [restartedMain] o.a.c.c.StandardEngine [DirectJDKLog.java:173] Starting Servlet engine: [Apache Tomcat/9.0.39]
2020-12-11 09:34:00,778 INFO [restartedMain] o.a.c.c.C.[.[.[/mycommunity] [DirectJDKLog.java:173] Initializing Spring embedded WebApplicationContext
2020-12-11 09:34:00,778 INFO [restartedMain] o.s.b.w.s.c.ServletWebServerApplicationContext [ServletWebServerApplicationContext.java:289] Root WebApplicationContext: initialization completed in 1115 ms
2020-12-11 09:34:01,268 INFO [restartedMain] o.s.s.c.ThreadPoolTaskExecutor [ExecutorConfigurationSupport.java:181] Initializing ExecutorService 'applicationTaskExecutor'
2020-12-11 09:34:01,331 INFO [restartedMain] o.s.b.a.w.s.WelcomePageHandlerMapping [WelcomePageHandlerMapping.java:58] Adding welcome page template: index
2020-12-11 09:34:01,450 INFO [restartedMain] o.s.b.d.a.OptionalLiveReloadServer [OptionalLiveReloadServer.java:58] LiveReload server is running on port 35729
2020-12-11 09:34:01,466 INFO [restartedMain] o.a.c.h.Http11NioProtocol [DirectJDKLog.java:173] Starting ProtocolHandler ["http-nio-8080"]
2020-12-11 09:34:01,482 INFO [restartedMain] o.s.b.w.e.t.TomcatWebServer [TomcatWebServer.java:220] Tomcat started on port(s): 8080 (http) with context path '/mycommunity'
2020-12-11 09:34:01,493 INFO [restartedMain] c.e.c.m.MycommunityApplication [StartupInfoLogger.java:61] Started MycommunityApplication in 2.351 seconds (JVM running for 3.255)
2020-12-11 09:34:11,970 INFO [http-nio-8080-exec-1] o.a.c.c.C.[.[.[/mycommunity] [DirectJDKLog.java:173] Initializing Spring DispatcherServlet 'dispatcherServlet'
2020-12-11 09:34:11,970 INFO [http-nio-8080-exec-1] o.s.w.s.DispatcherServlet [FrameworkServlet.java:525] Initializing Servlet 'dispatcherServlet'
2020-12-11 09:34:11,971 INFO [http-nio-8080-exec-1] o.s.w.s.DispatcherServlet [FrameworkServlet.java:547] Completed initialization in 0 ms
2020-12-11 09:43:37,987 INFO [SpringContextShutdownHook] o.s.s.c.ThreadPoolTaskExecutor [ExecutorConfigurationSupport.java:218] Shutting down ExecutorService 'applicationTaskExecutor'
2020-12-11 09:43:41,524 INFO [restartedMain] c.e.c.m.MycommunityApplication [StartupInfoLogger.java:55] Starting MycommunityApplication using Java 1.8.0_271 on LAPTOP-UCCD16F6 with PID 23292 (D:\PracticeProject\mycommunity\target\classes started by Alex in D:\PracticeProject\mycommunity)
2020-12-11 09:43:41,529 INFO [restartedMain] c.e.c.m.MycommunityApplication [SpringApplication.java:660] No active profile set, falling back to default profiles: default
2020-12-11 09:43:41,578 INFO [restartedMain] o.s.b.d.e.DevToolsPropertyDefaultsPostProcessor [DeferredLog.java:255] Devtools property defaults active! Set 'spring.devtools.add-properties' to 'false' to disable
2020-12-11 09:43:41,579 INFO [restartedMain] o.s.b.d.e.DevToolsPropertyDefaultsPostProcessor [DeferredLog.java:255] For additional web related logging consider setting the 'logging.level.web' property to 'DEBUG'
2020-12-11 09:43:42,587 INFO [restartedMain] o.s.b.w.e.t.TomcatWebServer [TomcatWebServer.java:108] Tomcat initialized with port(s): 8080 (http)
2020-12-11 09:43:42,596 INFO [restartedMain] o.a.c.h.Http11NioProtocol [DirectJDKLog.java:173] Initializing ProtocolHandler ["http-nio-8080"]
2020-12-11 09:43:42,597 INFO [restartedMain] o.a.c.c.StandardService [DirectJDKLog.java:173] Starting service [Tomcat]
2020-12-11 09:43:42,597 INFO [restartedMain] o.a.c.c.StandardEngine [DirectJDKLog.java:173] Starting Servlet engine: [Apache Tomcat/9.0.39]
2020-12-11 09:43:42,682 INFO [restartedMain] o.a.c.c.C.[.[.[/mycommunity] [DirectJDKLog.java:173] Initializing Spring embedded WebApplicationContext
2020-12-11 09:43:42,682 INFO [restartedMain] o.s.b.w.s.c.ServletWebServerApplicationContext [ServletWebServerApplicationContext.java:289] Root WebApplicationContext: initialization completed in 1102 ms
2020-12-11 09:43:43,187 INFO [restartedMain] o.s.s.c.ThreadPoolTaskExecutor [ExecutorConfigurationSupport.java:181] Initializing ExecutorService 'applicationTaskExecutor'
2020-12-11 09:43:43,254 INFO [restartedMain] o.s.b.a.w.s.WelcomePageHandlerMapping [WelcomePageHandlerMapping.java:58] Adding welcome page template: index
2020-12-11 09:43:43,376 INFO [restartedMain] o.s.b.d.a.OptionalLiveReloadServer [OptionalLiveReloadServer.java:58] LiveReload server is running on port 35729
2020-12-11 09:43:43,392 INFO [restartedMain] o.a.c.h.Http11NioProtocol [DirectJDKLog.java:173] Starting ProtocolHandler ["http-nio-8080"]
2020-12-11 09:43:43,408 INFO [restartedMain] o.s.b.w.e.t.TomcatWebServer [TomcatWebServer.java:220] Tomcat started on port(s): 8080 (http) with context path '/mycommunity'
2020-12-11 09:43:43,418 INFO [restartedMain] c.e.c.m.MycommunityApplication [StartupInfoLogger.java:61] Started MycommunityApplication in 2.355 seconds (JVM running for 3.197)
2020-12-11 09:43:50,336 INFO [http-nio-8080-exec-1] o.a.c.c.C.[.[.[/mycommunity] [DirectJDKLog.java:173] Initializing Spring DispatcherServlet 'dispatcherServlet'
2020-12-11 09:43:50,336 INFO [http-nio-8080-exec-1] o.s.w.s.DispatcherServlet [FrameworkServlet.java:525] Initializing Servlet 'dispatcherServlet'
2020-12-11 09:43:50,337 INFO [http-nio-8080-exec-1] o.s.w.s.DispatcherServlet [FrameworkServlet.java:547] Completed initialization in 1 ms
2020-12-11 10:15:44,711 INFO [SpringContextShutdownHook] o.s.s.c.ThreadPoolTaskExecutor [ExecutorConfigurationSupport.java:218] Shutting down ExecutorService 'applicationTaskExecutor'
2020-12-11 10:38:01,773 INFO [restartedMain] c.e.c.m.MycommunityApplication [StartupInfoLogger.java:55] Starting MycommunityApplication using Java 1.8.0_271 on LAPTOP-UCCD16F6 with PID 25268 (D:\PracticeProject\mycommunity\target\classes started by Alex in D:\PracticeProject\mycommunity)
2020-12-11 10:38:01,777 INFO [restartedMain] c.e.c.m.MycommunityApplication [SpringApplication.java:660] No active profile set, falling back to default profiles: default
2020-12-11 10:38:01,833 INFO [restartedMain] o.s.b.d.e.DevToolsPropertyDefaultsPostProcessor [DeferredLog.java:255] Devtools property defaults active! Set 'spring.devtools.add-properties' to 'false' to disable
2020-12-11 10:38:01,833 INFO [restartedMain] o.s.b.d.e.DevToolsPropertyDefaultsPostProcessor [DeferredLog.java:255] For additional web related logging consider setting the 'logging.level.web' property to 'DEBUG'
2020-12-11 10:38:02,892 INFO [restartedMain] o.s.b.w.e.t.TomcatWebServer [TomcatWebServer.java:108] Tomcat initialized with port(s): 8080 (http)
2020-12-11 10:38:02,901 INFO [restartedMain] o.a.c.h.Http11NioProtocol [DirectJDKLog.java:173] Initializing ProtocolHandler ["http-nio-8080"]
2020-12-11 10:38:02,901 INFO [restartedMain] o.a.c.c.StandardService [DirectJDKLog.java:173] Starting service [Tomcat]
2020-12-11 10:38:02,902 INFO [restartedMain] o.a.c.c.StandardEngine [DirectJDKLog.java:173] Starting Servlet engine: [Apache Tomcat/9.0.39]
2020-12-11 10:38:02,990 INFO [restartedMain] o.a.c.c.C.[.[.[/mycommunity] [DirectJDKLog.java:173] Initializing Spring embedded WebApplicationContext
2020-12-11 10:38:02,990 INFO [restartedMain] o.s.b.w.s.c.ServletWebServerApplicationContext [ServletWebServerApplicationContext.java:289] Root WebApplicationContext: initialization completed in 1155 ms
2020-12-11 10:38:03,513 INFO [restartedMain] o.s.s.c.ThreadPoolTaskExecutor [ExecutorConfigurationSupport.java:181] Initializing ExecutorService 'applicationTaskExecutor'
2020-12-11 10:38:03,582 INFO [restartedMain] o.s.b.a.w.s.WelcomePageHandlerMapping [WelcomePageHandlerMapping.java:58] Adding welcome page template: index
2020-12-11 10:38:03,706 INFO [restartedMain] o.s.b.d.a.OptionalLiveReloadServer [OptionalLiveReloadServer.java:58] LiveReload server is running on port 35729
2020-12-11 10:38:03,723 INFO [restartedMain] o.a.c.h.Http11NioProtocol [DirectJDKLog.java:173] Starting ProtocolHandler ["http-nio-8080"]
2020-12-11 10:38:03,740 INFO [restartedMain] o.s.b.w.e.t.TomcatWebServer [TomcatWebServer.java:220] Tomcat started on port(s): 8080 (http) with context path '/mycommunity'
2020-12-11 10:38:03,751 INFO [restartedMain] c.e.c.m.MycommunityApplication [StartupInfoLogger.java:61] Started MycommunityApplication in 2.436 seconds (JVM running for 3.382)
2020-12-11 10:40:32,924 INFO [http-nio-8080-exec-1] o.a.c.c.C.[.[.[/mycommunity] [DirectJDKLog.java:173] Initializing Spring DispatcherServlet 'dispatcherServlet'
2020-12-11 10:40:32,924 INFO [http-nio-8080-exec-1] o.s.w.s.DispatcherServlet [FrameworkServlet.java:525] Initializing Servlet 'dispatcherServlet'
2020-12-11 10:40:32,925 INFO [http-nio-8080-exec-1] o.s.w.s.DispatcherServlet [FrameworkServlet.java:547] Completed initialization in 1 ms
2020-12-11 10:40:32,982 INFO [http-nio-8080-exec-1] c.z.h.HikariDataSource [HikariDataSource.java:110] HikariPool-1 - Starting...
2020-12-11 10:40:33,089 INFO [http-nio-8080-exec-1] c.z.h.HikariDataSource [HikariDataSource.java:123] HikariPool-1 - Start completed.
2020-12-11 10:44:13,506 INFO [SpringContextShutdownHook] o.s.s.c.ThreadPoolTaskExecutor [ExecutorConfigurationSupport.java:218] Shutting down ExecutorService 'applicationTaskExecutor'
2020-12-11 10:44:13,506 INFO [SpringContextShutdownHook] c.z.h.HikariDataSource [HikariDataSource.java:350] HikariPool-1 - Shutdown initiated...
2020-12-11 10:44:13,509 INFO [SpringContextShutdownHook] c.z.h.HikariDataSource [HikariDataSource.java:352] HikariPool-1 - Shutdown completed.
2020-12-11 10:44:16,163 INFO [restartedMain] c.e.c.m.MycommunityApplication [StartupInfoLogger.java:55] Starting MycommunityApplication using Java 1.8.0_271 on LAPTOP-UCCD16F6 with PID 3240 (D:\PracticeProject\mycommunity\target\classes started by Alex in D:\PracticeProject\mycommunity)
2020-12-11 10:44:16,165 INFO [restartedMain] c.e.c.m.MycommunityApplication [SpringApplication.java:660] No active profile set, falling back to default profiles: default
2020-12-11 10:44:16,209 INFO [restartedMain] o.s.b.d.e.DevToolsPropertyDefaultsPostProcessor [DeferredLog.java:255] Devtools property defaults active! Set 'spring.devtools.add-properties' to 'false' to disable
2020-12-11 10:44:16,209 INFO [restartedMain] o.s.b.d.e.DevToolsPropertyDefaultsPostProcessor [DeferredLog.java:255] For additional web related logging consider setting the 'logging.level.web' property to 'DEBUG'
2020-12-11 10:44:17,110 INFO [restartedMain] o.s.b.w.e.t.TomcatWebServer [TomcatWebServer.java:108] Tomcat initialized with port(s): 8080 (http)
2020-12-11 10:44:17,118 INFO [restartedMain] o.a.c.h.Http11NioProtocol [DirectJDKLog.java:173] Initializing ProtocolHandler ["http-nio-8080"]
2020-12-11 10:44:17,118 INFO [restartedMain] o.a.c.c.StandardService [DirectJDKLog.java:173] Starting service [Tomcat]
2020-12-11 10:44:17,118 INFO [restartedMain] o.a.c.c.StandardEngine [DirectJDKLog.java:173] Starting Servlet engine: [Apache Tomcat/9.0.39]
2020-12-11 10:44:17,200 INFO [restartedMain] o.a.c.c.C.[.[.[/mycommunity] [DirectJDKLog.java:173] Initializing Spring embedded WebApplicationContext
2020-12-11 10:44:17,201 INFO [restartedMain] o.s.b.w.s.c.ServletWebServerApplicationContext [ServletWebServerApplicationContext.java:289] Root WebApplicationContext: initialization completed in 991 ms
2020-12-11 10:44:17,582 INFO [restartedMain] o.s.s.c.ThreadPoolTaskExecutor [ExecutorConfigurationSupport.java:181] Initializing ExecutorService 'applicationTaskExecutor'
2020-12-11 10:44:17,688 INFO [restartedMain] o.s.b.a.w.s.WelcomePageHandlerMapping [WelcomePageHandlerMapping.java:58] Adding welcome page template: index
2020-12-11 10:44:17,801 INFO [restartedMain] o.s.b.d.a.OptionalLiveReloadServer [OptionalLiveReloadServer.java:58] LiveReload server is running on port 35729
2020-12-11 10:44:17,815 INFO [restartedMain] o.a.c.h.Http11NioProtocol [DirectJDKLog.java:173] Starting ProtocolHandler ["http-nio-8080"]
2020-12-11 10:44:17,830 INFO [restartedMain] o.s.b.w.e.t.TomcatWebServer [TomcatWebServer.java:220] Tomcat started on port(s): 8080 (http) with context path '/mycommunity'
2020-12-11 10:44:17,840 INFO [restartedMain] c.e.c.m.MycommunityApplication [StartupInfoLogger.java:61] Started MycommunityApplication in 2.079 seconds (JVM running for 2.851)
2020-12-11 10:44:31,692 INFO [http-nio-8080-exec-1] o.a.c.c.C.[.[.[/mycommunity] [DirectJDKLog.java:173] Initializing Spring DispatcherServlet 'dispatcherServlet'
2020-12-11 10:44:31,693 INFO [http-nio-8080-exec-1] o.s.w.s.DispatcherServlet [FrameworkServlet.java:525] Initializing Servlet 'dispatcherServlet'
2020-12-11 10:44:31,693 INFO [http-nio-8080-exec-1] o.s.w.s.DispatcherServlet [FrameworkServlet.java:547] Completed initialization in 0 ms
2020-12-11 10:44:39,815 INFO [http-nio-8080-exec-5] c.z.h.HikariDataSource [HikariDataSource.java:110] HikariPool-1 - Starting...
2020-12-11 10:44:39,901 INFO [http-nio-8080-exec-5] c.z.h.HikariDataSource [HikariDataSource.java:123] HikariPool-1 - Start completed.
2020-12-11 15:20:20,409 INFO [restartedMain] c.e.c.m.MycommunityApplication [StartupInfoLogger.java:55] Starting MycommunityApplication using Java 1.8.0_271 on LAPTOP-UCCD16F6 with PID 22824 (D:\PracticeProject\mycommunity\target\classes started by Alex in D:\PracticeProject\mycommunity)
2020-12-11 15:20:20,413 INFO [restartedMain] c.e.c.m.MycommunityApplication [SpringApplication.java:660] No active profile set, falling back to default profiles: default
2020-12-11 15:20:20,457 INFO [restartedMain] o.s.b.d.e.DevToolsPropertyDefaultsPostProcessor [DeferredLog.java:255] Devtools property defaults active! Set 'spring.devtools.add-properties' to 'false' to disable
2020-12-11 15:20:20,458 INFO [restartedMain] o.s.b.d.e.DevToolsPropertyDefaultsPostProcessor [DeferredLog.java:255] For additional web related logging consider setting the 'logging.level.web' property to 'DEBUG'
2020-12-11 15:20:21,378 INFO [restartedMain] o.s.b.w.e.t.TomcatWebServer [TomcatWebServer.java:108] Tomcat initialized with port(s): 8080 (http)
2020-12-11 15:20:21,385 INFO [restartedMain] o.a.c.h.Http11NioProtocol [DirectJDKLog.java:173] Initializing ProtocolHandler ["http-nio-8080"]
2020-12-11 15:20:21,386 INFO [restartedMain] o.a.c.c.StandardService [DirectJDKLog.java:173] Starting service [Tomcat]
2020-12-11 15:20:21,386 INFO [restartedMain] o.a.c.c.StandardEngine [DirectJDKLog.java:173] Starting Servlet engine: [Apache Tomcat/9.0.39]
2020-12-11 15:20:21,472 INFO [restartedMain] o.a.c.c.C.[.[.[/mycommunity] [DirectJDKLog.java:173] Initializing Spring embedded WebApplicationContext
2020-12-11 15:20:21,472 INFO [restartedMain] o.s.b.w.s.c.ServletWebServerApplicationContext [ServletWebServerApplicationContext.java:289] Root WebApplicationContext: initialization completed in 1013 ms
2020-12-11 15:20:21,762 INFO [restartedMain] o.a.c.c.StandardService [DirectJDKLog.java:173] Stopping service [Tomcat]
2020-12-11 15:20:21,771 INFO [restartedMain] o.s.b.a.l.ConditionEvaluationReportLoggingListener [ConditionEvaluationReportLoggingListener.java:136] 

Error starting ApplicationContext. To display the conditions report re-run your application with 'debug' enabled.
2020-12-11 15:24:39,412 INFO [restartedMain] c.e.c.m.MycommunityApplication [StartupInfoLogger.java:55] Starting MycommunityApplication using Java 1.8.0_271 on LAPTOP-UCCD16F6 with PID 24112 (D:\PracticeProject\mycommunity\target\classes started by Alex in D:\PracticeProject\mycommunity)
2020-12-11 15:24:39,415 INFO [restartedMain] c.e.c.m.MycommunityApplication [SpringApplication.java:660] No active profile set, falling back to default profiles: default
2020-12-11 15:24:39,461 INFO [restartedMain] o.s.b.d.e.DevToolsPropertyDefaultsPostProcessor [DeferredLog.java:255] Devtools property defaults active! Set 'spring.devtools.add-properties' to 'false' to disable
2020-12-11 15:24:39,461 INFO [restartedMain] o.s.b.d.e.DevToolsPropertyDefaultsPostProcessor [DeferredLog.java:255] For additional web related logging consider setting the 'logging.level.web' property to 'DEBUG'
2020-12-11 15:24:40,364 INFO [restartedMain] o.s.b.w.e.t.TomcatWebServer [TomcatWebServer.java:108] Tomcat initialized with port(s): 8080 (http)
2020-12-11 15:24:40,371 INFO [restartedMain] o.a.c.h.Http11NioProtocol [DirectJDKLog.java:173] Initializing ProtocolHandler ["http-nio-8080"]
2020-12-11 15:24:40,372 INFO [restartedMain] o.a.c.c.StandardService [DirectJDKLog.java:173] Starting service [Tomcat]
2020-12-11 15:24:40,372 INFO [restartedMain] o.a.c.c.StandardEngine [DirectJDKLog.java:173] Starting Servlet engine: [Apache Tomcat/9.0.39]
2020-12-11 15:24:40,455 INFO [restartedMain] o.a.c.c.C.[.[.[/mycommunity] [DirectJDKLog.java:173] Initializing Spring embedded WebApplicationContext
2020-12-11 15:24:40,455 INFO [restartedMain] o.s.b.w.s.c.ServletWebServerApplicationContext [ServletWebServerApplicationContext.java:289] Root WebApplicationContext: initialization completed in 993 ms
2020-12-11 15:24:40,742 INFO [restartedMain] o.a.c.c.StandardService [DirectJDKLog.java:173] Stopping service [Tomcat]
2020-12-11 15:24:40,754 INFO [restartedMain] o.s.b.a.l.ConditionEvaluationReportLoggingListener [ConditionEvaluationReportLoggingListener.java:136] 

Error starting ApplicationContext. To display the conditions report re-run your application with 'debug' enabled.
2020-12-11 15:25:12,398 INFO [restartedMain] c.e.c.m.MycommunityApplication [StartupInfoLogger.java:55] Starting MycommunityApplication using Java 1.8.0_271 on LAPTOP-UCCD16F6 with PID 21712 (D:\PracticeProject\mycommunity\target\classes started by Alex in D:\PracticeProject\mycommunity)
2020-12-11 15:25:12,401 INFO [restartedMain] c.e.c.m.MycommunityApplication [SpringApplication.java:660] No active profile set, falling back to default profiles: default
2020-12-11 15:25:12,445 INFO [restartedMain] o.s.b.d.e.DevToolsPropertyDefaultsPostProcessor [DeferredLog.java:255] Devtools property defaults active! Set 'spring.devtools.add-properties' to 'false' to disable
2020-12-11 15:25:12,446 INFO [restartedMain] o.s.b.d.e.DevToolsPropertyDefaultsPostProcessor [DeferredLog.java:255] For additional web related logging consider setting the 'logging.level.web' property to 'DEBUG'
2020-12-11 15:25:13,333 INFO [restartedMain] o.s.b.w.e.t.TomcatWebServer [TomcatWebServer.java:108] Tomcat initialized with port(s): 8080 (http)
2020-12-11 15:25:13,340 INFO [restartedMain] o.a.c.h.Http11NioProtocol [DirectJDKLog.java:173] Initializing ProtocolHandler ["http-nio-8080"]
2020-12-11 15:25:13,341 INFO [restartedMain] o.a.c.c.StandardService [DirectJDKLog.java:173] Starting service [Tomcat]
2020-12-11 15:25:13,341 INFO [restartedMain] o.a.c.c.StandardEngine [DirectJDKLog.java:173] Starting Servlet engine: [Apache Tomcat/9.0.39]
2020-12-11 15:25:13,425 INFO [restartedMain] o.a.c.c.C.[.[.[/mycommunity] [DirectJDKLog.java:173] Initializing Spring embedded WebApplicationContext
2020-12-11 15:25:13,425 INFO [restartedMain] o.s.b.w.s.c.ServletWebServerApplicationContext [ServletWebServerApplicationContext.java:289] Root WebApplicationContext: initialization completed in 978 ms
2020-12-11 15:25:13,704 INFO [restartedMain] o.a.c.c.StandardService [DirectJDKLog.java:173] Stopping service [Tomcat]
2020-12-11 15:25:13,714 INFO [restartedMain] o.s.b.a.l.ConditionEvaluationReportLoggingListener [ConditionEvaluationReportLoggingListener.java:136] 

Error starting ApplicationContext. To display the conditions report re-run your application with 'debug' enabled.
2020-12-11 15:27:47,217 INFO [restartedMain] c.e.c.m.MycommunityApplication [StartupInfoLogger.java:55] Starting MycommunityApplication using Java 1.8.0_271 on LAPTOP-UCCD16F6 with PID 13744 (D:\PracticeProject\mycommunity\target\classes started by Alex in D:\PracticeProject\mycommunity)
2020-12-11 15:27:47,220 INFO [restartedMain] c.e.c.m.MycommunityApplication [SpringApplication.java:660] No active profile set, falling back to default profiles: default
2020-12-11 15:27:47,264 INFO [restartedMain] o.s.b.d.e.DevToolsPropertyDefaultsPostProcessor [DeferredLog.java:255] Devtools property defaults active! Set 'spring.devtools.add-properties' to 'false' to disable
2020-12-11 15:27:47,265 INFO [restartedMain] o.s.b.d.e.DevToolsPropertyDefaultsPostProcessor [DeferredLog.java:255] For additional web related logging consider setting the 'logging.level.web' property to 'DEBUG'
2020-12-11 15:27:48,158 INFO [restartedMain] o.s.b.w.e.t.TomcatWebServer [TomcatWebServer.java:108] Tomcat initialized with port(s): 8080 (http)
2020-12-11 15:27:48,165 INFO [restartedMain] o.a.c.h.Http11NioProtocol [DirectJDKLog.java:173] Initializing ProtocolHandler ["http-nio-8080"]
2020-12-11 15:27:48,165 INFO [restartedMain] o.a.c.c.StandardService [DirectJDKLog.java:173] Starting service [Tomcat]
2020-12-11 15:27:48,165 INFO [restartedMain] o.a.c.c.StandardEngine [DirectJDKLog.java:173] Starting Servlet engine: [Apache Tomcat/9.0.39]
2020-12-11 15:27:48,249 INFO [restartedMain] o.a.c.c.C.[.[.[/mycommunity] [DirectJDKLog.java:173] Initializing Spring embedded WebApplicationContext
2020-12-11 15:27:48,250 INFO [restartedMain] o.s.b.w.s.c.ServletWebServerApplicationContext [ServletWebServerApplicationContext.java:289] Root WebApplicationContext: initialization completed in 983 ms
2020-12-11 15:27:48,520 INFO [restartedMain] o.s.b.f.a.AutowiredAnnotationBeanPostProcessor [AutowiredAnnotationBeanPostProcessor.java:478] Autowired annotation is not supported on static fields: private static final org.slf4j.Logger cn.edu.cug.mycommunity.controller.LoginController.logger
2020-12-11 15:27:48,620 INFO [restartedMain] o.s.s.c.ThreadPoolTaskExecutor [ExecutorConfigurationSupport.java:181] Initializing ExecutorService 'applicationTaskExecutor'
2020-12-11 15:27:48,711 INFO [restartedMain] o.s.b.a.w.s.WelcomePageHandlerMapping [WelcomePageHandlerMapping.java:58] Adding welcome page template: index
2020-12-11 15:27:48,822 INFO [restartedMain] o.s.b.d.a.OptionalLiveReloadServer [OptionalLiveReloadServer.java:58] LiveReload server is running on port 35729
2020-12-11 15:27:48,837 INFO [restartedMain] o.a.c.h.Http11NioProtocol [DirectJDKLog.java:173] Starting ProtocolHandler ["http-nio-8080"]
2020-12-11 15:27:48,850 INFO [restartedMain] o.s.b.w.e.t.TomcatWebServer [TomcatWebServer.java:220] Tomcat started on port(s): 8080 (http) with context path '/mycommunity'
2020-12-11 15:27:48,860 INFO [restartedMain] c.e.c.m.MycommunityApplication [StartupInfoLogger.java:61] Started MycommunityApplication in 2.028 seconds (JVM running for 2.762)
2020-12-11 15:27:57,426 INFO [http-nio-8080-exec-2] o.a.c.c.C.[.[.[/mycommunity] [DirectJDKLog.java:173] Initializing Spring DispatcherServlet 'dispatcherServlet'
2020-12-11 15:27:57,426 INFO [http-nio-8080-exec-2] o.s.w.s.DispatcherServlet [FrameworkServlet.java:525] Initializing Servlet 'dispatcherServlet'
2020-12-11 15:27:57,427 INFO [http-nio-8080-exec-2] o.s.w.s.DispatcherServlet [FrameworkServlet.java:547] Completed initialization in 1 ms
2020-12-11 15:27:57,470 INFO [http-nio-8080-exec-2] c.z.h.HikariDataSource [HikariDataSource.java:110] HikariPool-1 - Starting...
2020-12-11 15:27:57,555 INFO [http-nio-8080-exec-2] c.z.h.HikariDataSource [HikariDataSource.java:123] HikariPool-1 - Start completed.
2020-12-11 15:33:17,590 INFO [restartedMain] c.e.c.m.MycommunityApplication [StartupInfoLogger.java:55] Starting MycommunityApplication using Java 1.8.0_271 on LAPTOP-UCCD16F6 with PID 28192 (D:\PracticeProject\mycommunity\target\classes started by Alex in D:\PracticeProject\mycommunity)
2020-12-11 15:33:17,593 INFO [restartedMain] c.e.c.m.MycommunityApplication [SpringApplication.java:660] No active profile set, falling back to default profiles: default
2020-12-11 15:33:17,641 INFO [restartedMain] o.s.b.d.e.DevToolsPropertyDefaultsPostProcessor [DeferredLog.java:255] Devtools property defaults active! Set 'spring.devtools.add-properties' to 'false' to disable
2020-12-11 15:33:17,642 INFO [restartedMain] o.s.b.d.e.DevToolsPropertyDefaultsPostProcessor [DeferredLog.java:255] For additional web related logging consider setting the 'logging.level.web' property to 'DEBUG'
2020-12-11 15:33:18,507 INFO [restartedMain] o.s.b.w.e.t.TomcatWebServer [TomcatWebServer.java:108] Tomcat initialized with port(s): 8080 (http)
2020-12-11 15:33:18,514 INFO [restartedMain] o.a.c.h.Http11NioProtocol [DirectJDKLog.java:173] Initializing ProtocolHandler ["http-nio-8080"]
2020-12-11 15:33:18,515 INFO [restartedMain] o.a.c.c.StandardService [DirectJDKLog.java:173] Starting service [Tomcat]
2020-12-11 15:33:18,515 INFO [restartedMain] o.a.c.c.StandardEngine [DirectJDKLog.java:173] Starting Servlet engine: [Apache Tomcat/9.0.39]
2020-12-11 15:33:18,593 INFO [restartedMain] o.a.c.c.C.[.[.[/mycommunity] [DirectJDKLog.java:173] Initializing Spring embedded WebApplicationContext
2020-12-11 15:33:18,593 INFO [restartedMain] o.s.b.w.s.c.ServletWebServerApplicationContext [ServletWebServerApplicationContext.java:289] Root WebApplicationContext: initialization completed in 951 ms
2020-12-11 15:33:18,861 INFO [restartedMain] o.s.b.f.a.AutowiredAnnotationBeanPostProcessor [AutowiredAnnotationBeanPostProcessor.java:478] Autowired annotation is not supported on static fields: private static final org.slf4j.Logger cn.edu.cug.mycommunity.controller.LoginController.logger
2020-12-11 15:33:18,959 INFO [restartedMain] o.s.s.c.ThreadPoolTaskExecutor [ExecutorConfigurationSupport.java:181] Initializing ExecutorService 'applicationTaskExecutor'
2020-12-11 15:33:19,063 INFO [restartedMain] o.s.b.a.w.s.WelcomePageHandlerMapping [WelcomePageHandlerMapping.java:58] Adding welcome page template: index
2020-12-11 15:33:19,169 INFO [restartedMain] o.s.b.d.a.OptionalLiveReloadServer [OptionalLiveReloadServer.java:58] LiveReload server is running on port 35729
2020-12-11 15:33:19,184 INFO [restartedMain] o.a.c.h.Http11NioProtocol [DirectJDKLog.java:173] Starting ProtocolHandler ["http-nio-8080"]
2020-12-11 15:33:19,197 INFO [restartedMain] o.s.b.w.e.t.TomcatWebServer [TomcatWebServer.java:220] Tomcat started on port(s): 8080 (http) with context path '/mycommunity'
2020-12-11 15:33:19,206 INFO [restartedMain] c.e.c.m.MycommunityApplication [StartupInfoLogger.java:61] Started MycommunityApplication in 1.982 seconds (JVM running for 2.739)
2020-12-11 15:33:24,202 INFO [http-nio-8080-exec-1] o.a.c.c.C.[.[.[/mycommunity] [DirectJDKLog.java:173] Initializing Spring DispatcherServlet 'dispatcherServlet'
2020-12-11 15:33:24,202 INFO [http-nio-8080-exec-1] o.s.w.s.DispatcherServlet [FrameworkServlet.java:525] Initializing Servlet 'dispatcherServlet'
2020-12-11 15:33:24,203 INFO [http-nio-8080-exec-1] o.s.w.s.DispatcherServlet [FrameworkServlet.java:547] Completed initialization in 1 ms
2020-12-11 15:33:31,622 INFO [http-nio-8080-exec-2] c.z.h.HikariDataSource [HikariDataSource.java:110] HikariPool-1 - Starting...
2020-12-11 15:33:31,710 INFO [http-nio-8080-exec-2] c.z.h.HikariDataSource [HikariDataSource.java:123] HikariPool-1 - Start completed.
2020-12-11 15:41:54,145 INFO [restartedMain] c.e.c.m.MycommunityApplication [StartupInfoLogger.java:55] Starting MycommunityApplication using Java 1.8.0_271 on LAPTOP-UCCD16F6 with PID 28136 (D:\PracticeProject\mycommunity\target\classes started by Alex in D:\PracticeProject\mycommunity)
2020-12-11 15:41:54,149 INFO [restartedMain] c.e.c.m.MycommunityApplication [SpringApplication.java:660] No active profile set, falling back to default profiles: default
2020-12-11 15:41:54,191 INFO [restartedMain] o.s.b.d.e.DevToolsPropertyDefaultsPostProcessor [DeferredLog.java:255] Devtools property defaults active! Set 'spring.devtools.add-properties' to 'false' to disable
2020-12-11 15:41:54,192 INFO [restartedMain] o.s.b.d.e.DevToolsPropertyDefaultsPostProcessor [DeferredLog.java:255] For additional web related logging consider setting the 'logging.level.web' property to 'DEBUG'
2020-12-11 15:41:55,195 INFO [restartedMain] o.s.b.w.e.t.TomcatWebServer [TomcatWebServer.java:108] Tomcat initialized with port(s): 8080 (http)
2020-12-11 15:41:55,203 INFO [restartedMain] o.a.c.h.Http11NioProtocol [DirectJDKLog.java:173] Initializing ProtocolHandler ["http-nio-8080"]
2020-12-11 15:41:55,204 INFO [restartedMain] o.a.c.c.StandardService [DirectJDKLog.java:173] Starting service [Tomcat]
2020-12-11 15:41:55,204 INFO [restartedMain] o.a.c.c.StandardEngine [DirectJDKLog.java:173] Starting Servlet engine: [Apache Tomcat/9.0.39]
2020-12-11 15:41:55,286 INFO [restartedMain] o.a.c.c.C.[.[.[/mycommunity] [DirectJDKLog.java:173] Initializing Spring embedded WebApplicationContext
2020-12-11 15:41:55,286 INFO [restartedMain] o.s.b.w.s.c.ServletWebServerApplicationContext [ServletWebServerApplicationContext.java:289] Root WebApplicationContext: initialization completed in 1094 ms
2020-12-11 15:41:55,613 INFO [restartedMain] o.s.b.f.a.AutowiredAnnotationBeanPostProcessor [AutowiredAnnotationBeanPostProcessor.java:478] Autowired annotation is not supported on static fields: private static final org.slf4j.Logger cn.edu.cug.mycommunity.controller.LoginController.logger
2020-12-11 15:41:55,773 INFO [restartedMain] o.s.s.c.ThreadPoolTaskExecutor [ExecutorConfigurationSupport.java:181] Initializing ExecutorService 'applicationTaskExecutor'
2020-12-11 15:41:55,837 INFO [restartedMain] o.s.b.a.w.s.WelcomePageHandlerMapping [WelcomePageHandlerMapping.java:58] Adding welcome page template: index
2020-12-11 15:41:55,956 INFO [restartedMain] o.s.b.d.a.OptionalLiveReloadServer [OptionalLiveReloadServer.java:58] LiveReload server is running on port 35729
2020-12-11 15:41:55,971 INFO [restartedMain] o.a.c.h.Http11NioProtocol [DirectJDKLog.java:173] Starting ProtocolHandler ["http-nio-8080"]
2020-12-11 15:41:55,986 INFO [restartedMain] o.s.b.w.e.t.TomcatWebServer [TomcatWebServer.java:220] Tomcat started on port(s): 8080 (http) with context path '/mycommunity'
2020-12-11 15:41:55,998 INFO [restartedMain] c.e.c.m.MycommunityApplication [StartupInfoLogger.java:61] Started MycommunityApplication in 2.297 seconds (JVM running for 3.132)
2020-12-11 15:42:01,561 INFO [http-nio-8080-exec-1] o.a.c.c.C.[.[.[/mycommunity] [DirectJDKLog.java:173] Initializing Spring DispatcherServlet 'dispatcherServlet'
2020-12-11 15:42:01,561 INFO [http-nio-8080-exec-1] o.s.w.s.DispatcherServlet [FrameworkServlet.java:525] Initializing Servlet 'dispatcherServlet'
2020-12-11 15:42:01,562 INFO [http-nio-8080-exec-1] o.s.w.s.DispatcherServlet [FrameworkServlet.java:547] Completed initialization in 1 ms
2020-12-11 16:07:50,975 INFO [Thread-9] o.s.s.c.ThreadPoolTaskExecutor [ExecutorConfigurationSupport.java:218] Shutting down ExecutorService 'applicationTaskExecutor'
2020-12-11 16:07:51,129 INFO [restartedMain] c.e.c.m.MycommunityApplication [StartupInfoLogger.java:55] Starting MycommunityApplication using Java 1.8.0_271 on LAPTOP-UCCD16F6 with PID 28136 (D:\PracticeProject\mycommunity\target\classes started by Alex in D:\PracticeProject\mycommunity)
2020-12-11 16:07:51,129 INFO [restartedMain] c.e.c.m.MycommunityApplication [SpringApplication.java:660] No active profile set, falling back to default profiles: default
2020-12-11 16:07:51,524 INFO [restartedMain] o.s.b.w.e.t.TomcatWebServer [TomcatWebServer.java:108] Tomcat initialized with port(s): 8080 (http)
2020-12-11 16:07:51,525 INFO [restartedMain] o.a.c.h.Http11NioProtocol [DirectJDKLog.java:173] Initializing ProtocolHandler ["http-nio-8080"]
2020-12-11 16:07:51,525 INFO [restartedMain] o.a.c.c.StandardService [DirectJDKLog.java:173] Starting service [Tomcat]
2020-12-11 16:07:51,525 INFO [restartedMain] o.a.c.c.StandardEngine [DirectJDKLog.java:173] Starting Servlet engine: [Apache Tomcat/9.0.39]
2020-12-11 16:07:51,561 INFO [restartedMain] o.a.c.c.C.[.[.[/mycommunity] [DirectJDKLog.java:173] Initializing Spring embedded WebApplicationContext
2020-12-11 16:07:51,562 INFO [restartedMain] o.s.b.w.s.c.ServletWebServerApplicationContext [ServletWebServerApplicationContext.java:289] Root WebApplicationContext: initialization completed in 430 ms
2020-12-11 16:07:51,652 INFO [restartedMain] o.s.b.f.a.AutowiredAnnotationBeanPostProcessor [AutowiredAnnotationBeanPostProcessor.java:478] Autowired annotation is not supported on static fields: private static final org.slf4j.Logger cn.edu.cug.mycommunity.controller.LoginController.logger
2020-12-11 16:07:51,700 INFO [restartedMain] o.s.s.c.ThreadPoolTaskExecutor [ExecutorConfigurationSupport.java:181] Initializing ExecutorService 'applicationTaskExecutor'
2020-12-11 16:07:51,719 INFO [restartedMain] o.s.b.a.w.s.WelcomePageHandlerMapping [WelcomePageHandlerMapping.java:58] Adding welcome page template: index
2020-12-11 16:07:51,755 INFO [restartedMain] o.s.b.d.a.OptionalLiveReloadServer [OptionalLiveReloadServer.java:58] LiveReload server is running on port 35729
2020-12-11 16:07:51,770 INFO [restartedMain] o.a.c.h.Http11NioProtocol [DirectJDKLog.java:173] Starting ProtocolHandler ["http-nio-8080"]
2020-12-11 16:07:51,773 INFO [restartedMain] o.s.b.w.e.t.TomcatWebServer [TomcatWebServer.java:220] Tomcat started on port(s): 8080 (http) with context path '/mycommunity'
2020-12-11 16:07:51,776 INFO [restartedMain] c.e.c.m.MycommunityApplication [StartupInfoLogger.java:61] Started MycommunityApplication in 0.694 seconds (JVM running for 1558.911)
2020-12-11 16:07:51,778 INFO [restartedMain] o.s.b.d.a.ConditionEvaluationDeltaLoggingListener [ConditionEvaluationDeltaLoggingListener.java:63] Condition evaluation unchanged
2020-12-11 16:07:52,111 INFO [main] c.e.c.m.MapperTest [StartupInfoLogger.java:55] Starting MapperTest using Java 1.8.0_271 on LAPTOP-UCCD16F6 with PID 21900 (started by Alex in D:\PracticeProject\mycommunity)
2020-12-11 16:07:52,113 INFO [main] c.e.c.m.MapperTest [SpringApplication.java:660] No active profile set, falling back to default profiles: default
2020-12-11 16:07:53,445 INFO [main] o.s.b.f.a.AutowiredAnnotationBeanPostProcessor [AutowiredAnnotationBeanPostProcessor.java:478] Autowired annotation is not supported on static fields: private static final org.slf4j.Logger cn.edu.cug.mycommunity.controller.LoginController.logger
2020-12-11 16:07:53,861 INFO [main] o.s.s.c.ThreadPoolTaskExecutor [ExecutorConfigurationSupport.java:181] Initializing ExecutorService 'applicationTaskExecutor'
2020-12-11 16:07:53,966 INFO [main] o.s.b.a.w.s.WelcomePageHandlerMapping [WelcomePageHandlerMapping.java:58] Adding welcome page template: index
2020-12-11 16:07:54,236 INFO [main] c.e.c.m.MapperTest [StartupInfoLogger.java:61] Started MapperTest in 2.447 seconds (JVM running for 3.59)
2020-12-11 16:07:54,495 INFO [main] c.z.h.HikariDataSource [HikariDataSource.java:110] HikariPool-1 - Starting...
2020-12-11 16:07:54,683 INFO [main] c.z.h.HikariDataSource [HikariDataSource.java:123] HikariPool-1 - Start completed.
2020-12-11 16:07:54,772 INFO [SpringContextShutdownHook] o.s.s.c.ThreadPoolTaskExecutor [ExecutorConfigurationSupport.java:218] Shutting down ExecutorService 'applicationTaskExecutor'
2020-12-11 16:07:54,773 INFO [SpringContextShutdownHook] c.z.h.HikariDataSource [HikariDataSource.java:350] HikariPool-1 - Shutdown initiated...
2020-12-11 16:07:54,780 INFO [SpringContextShutdownHook] c.z.h.HikariDataSource [HikariDataSource.java:352] HikariPool-1 - Shutdown completed.
2020-12-11 16:35:00,462 INFO [main] c.e.c.m.MapperTest [StartupInfoLogger.java:55] Starting MapperTest using Java 1.8.0_271 on LAPTOP-UCCD16F6 with PID 29552 (started by Alex in D:\PracticeProject\mycommunity)
2020-12-11 16:35:00,465 INFO [main] c.e.c.m.MapperTest [SpringApplication.java:660] No active profile set, falling back to default profiles: default
2020-12-11 16:35:01,783 INFO [main] o.s.b.f.a.AutowiredAnnotationBeanPostProcessor [AutowiredAnnotationBeanPostProcessor.java:478] Autowired annotation is not supported on static fields: private static final org.slf4j.Logger cn.edu.cug.mycommunity.controller.LoginController.logger
2020-12-11 16:35:02,209 INFO [main] o.s.s.c.ThreadPoolTaskExecutor [ExecutorConfigurationSupport.java:181] Initializing ExecutorService 'applicationTaskExecutor'
2020-12-11 16:35:02,329 INFO [main] o.s.b.a.w.s.WelcomePageHandlerMapping [WelcomePageHandlerMapping.java:58] Adding welcome page template: index
2020-12-11 16:35:02,596 INFO [main] c.e.c.m.MapperTest [StartupInfoLogger.java:61] Started MapperTest in 2.481 seconds (JVM running for 3.48)
2020-12-11 16:35:02,830 INFO [main] c.z.h.HikariDataSource [HikariDataSource.java:110] HikariPool-1 - Starting...
2020-12-11 16:35:03,010 INFO [main] c.z.h.HikariDataSource [HikariDataSource.java:123] HikariPool-1 - Start completed.
2020-12-11 16:35:03,103 INFO [SpringContextShutdownHook] o.s.s.c.ThreadPoolTaskExecutor [ExecutorConfigurationSupport.java:218] Shutting down ExecutorService 'applicationTaskExecutor'
2020-12-11 16:35:03,104 INFO [SpringContextShutdownHook] c.z.h.HikariDataSource [HikariDataSource.java:350] HikariPool-1 - Shutdown initiated...
2020-12-11 16:35:03,112 INFO [SpringContextShutdownHook] c.z.h.HikariDataSource [HikariDataSource.java:352] HikariPool-1 - Shutdown completed.
2020-12-11 16:37:31,001 INFO [main] c.e.c.m.MapperTest [StartupInfoLogger.java:55] Starting MapperTest using Java 1.8.0_271 on LAPTOP-UCCD16F6 with PID 17596 (started by Alex in D:\PracticeProject\mycommunity)
2020-12-11 16:37:31,004 INFO [main] c.e.c.m.MapperTest [SpringApplication.java:660] No active profile set, falling back to default profiles: default
2020-12-11 16:37:32,307 INFO [main] o.s.b.f.a.AutowiredAnnotationBeanPostProcessor [AutowiredAnnotationBeanPostProcessor.java:478] Autowired annotation is not supported on static fields: private static final org.slf4j.Logger cn.edu.cug.mycommunity.controller.LoginController.logger
2020-12-11 16:37:32,733 INFO [main] o.s.s.c.ThreadPoolTaskExecutor [ExecutorConfigurationSupport.java:181] Initializing ExecutorService 'applicationTaskExecutor'
2020-12-11 16:37:32,849 INFO [main] o.s.b.a.w.s.WelcomePageHandlerMapping [WelcomePageHandlerMapping.java:58] Adding welcome page template: index
2020-12-11 16:37:33,098 INFO [main] c.e.c.m.MapperTest [StartupInfoLogger.java:61] Started MapperTest in 2.448 seconds (JVM running for 3.45)
2020-12-11 16:37:33,320 INFO [main] c.z.h.HikariDataSource [HikariDataSource.java:110] HikariPool-1 - Starting...
2020-12-11 16:37:33,493 INFO [main] c.z.h.HikariDataSource [HikariDataSource.java:123] HikariPool-1 - Start completed.
2020-12-11 16:37:33,585 INFO [SpringContextShutdownHook] o.s.s.c.ThreadPoolTaskExecutor [ExecutorConfigurationSupport.java:218] Shutting down ExecutorService 'applicationTaskExecutor'
2020-12-11 16:37:33,586 INFO [SpringContextShutdownHook] c.z.h.HikariDataSource [HikariDataSource.java:350] HikariPool-1 - Shutdown initiated...
2020-12-11 16:37:33,593 INFO [SpringContextShutdownHook] c.z.h.HikariDataSource [HikariDataSource.java:352] HikariPool-1 - Shutdown completed.
2020-12-11 16:38:23,727 INFO [main] c.e.c.m.MapperTest [StartupInfoLogger.java:55] Starting MapperTest using Java 1.8.0_271 on LAPTOP-UCCD16F6 with PID 26884 (started by Alex in D:\PracticeProject\mycommunity)
2020-12-11 16:38:23,731 INFO [main] c.e.c.m.MapperTest [SpringApplication.java:660] No active profile set, falling back to default profiles: default
2020-12-11 16:38:25,125 INFO [main] o.s.b.f.a.AutowiredAnnotationBeanPostProcessor [AutowiredAnnotationBeanPostProcessor.java:478] Autowired annotation is not supported on static fields: private static final org.slf4j.Logger cn.edu.cug.mycommunity.controller.LoginController.logger
2020-12-11 16:38:25,567 INFO [main] o.s.s.c.ThreadPoolTaskExecutor [ExecutorConfigurationSupport.java:181] Initializing ExecutorService 'applicationTaskExecutor'
2020-12-11 16:38:25,702 INFO [main] o.s.b.a.w.s.WelcomePageHandlerMapping [WelcomePageHandlerMapping.java:58] Adding welcome page template: index
2020-12-11 16:38:25,980 INFO [main] c.e.c.m.MapperTest [StartupInfoLogger.java:61] Started MapperTest in 2.644 seconds (JVM running for 3.752)
2020-12-11 16:38:26,201 INFO [main] c.z.h.HikariDataSource [HikariDataSource.java:110] HikariPool-1 - Starting...
2020-12-11 16:38:26,362 INFO [main] c.z.h.HikariDataSource [HikariDataSource.java:123] HikariPool-1 - Start completed.
2020-12-11 16:38:26,449 INFO [SpringContextShutdownHook] o.s.s.c.ThreadPoolTaskExecutor [ExecutorConfigurationSupport.java:218] Shutting down ExecutorService 'applicationTaskExecutor'
2020-12-11 16:38:26,450 INFO [SpringContextShutdownHook] c.z.h.HikariDataSource [HikariDataSource.java:350] HikariPool-1 - Shutdown initiated...
2020-12-11 16:38:26,458 INFO [SpringContextShutdownHook] c.z.h.HikariDataSource [HikariDataSource.java:352] HikariPool-1 - Shutdown completed.
