2021-03-02 15:11:00,414 INFO [main] c.e.c.m.MycommunityApplicationTests [StartupInfoLogger.java:55] Starting MycommunityApplicationTests using Java 1.8.0_271 on LAPTOP-UCCD16F6 with PID 13020 (started by Alex in D:\PracticeProject\mycommunity)
2021-03-02 15:11:00,423 INFO [main] c.e.c.m.MycommunityApplicationTests [SpringApplication.java:660] No active profile set, falling back to default profiles: default
2021-03-02 15:11:02,106 INFO [main] o.s.b.f.a.AutowiredAnnotationBeanPostProcessor [AutowiredAnnotationBeanPostProcessor.java:478] Autowired annotation is not supported on static fields: private static final org.slf4j.Logger cn.edu.cug.mycommunity.controller.LoginController.logger
2021-03-02 15:11:02,573 INFO [main] o.s.s.c.ThreadPoolTaskExecutor [ExecutorConfigurationSupport.java:181] Initializing ExecutorService 'applicationTaskExecutor'
2021-03-02 15:11:02,709 INFO [main] o.s.b.a.w.s.WelcomePageHandlerMapping [WelcomePageHandlerMapping.java:58] Adding welcome page template: index
2021-03-02 15:11:02,984 INFO [main] c.e.c.m.MycommunityApplicationTests [StartupInfoLogger.java:61] Started MycommunityApplicationTests in 2.959 seconds (JVM running for 4.403)
2021-03-02 15:11:03,274 INFO [SpringContextShutdownHook] o.s.s.c.ThreadPoolTaskExecutor [ExecutorConfigurationSupport.java:218] Shutting down ExecutorService 'applicationTaskExecutor'
2021-03-02 15:14:12,335 INFO [main] c.e.c.m.MycommunityApplicationTests [StartupInfoLogger.java:55] Starting MycommunityApplicationTests using Java 1.8.0_271 on LAPTOP-UCCD16F6 with PID 14804 (started by Alex in D:\PracticeProject\mycommunity)
2021-03-02 15:14:12,337 INFO [main] c.e.c.m.MycommunityApplicationTests [SpringApplication.java:660] No active profile set, falling back to default profiles: default
2021-03-02 15:14:13,793 INFO [main] o.s.b.f.a.AutowiredAnnotationBeanPostProcessor [AutowiredAnnotationBeanPostProcessor.java:478] Autowired annotation is not supported on static fields: private static final org.slf4j.Logger cn.edu.cug.mycommunity.controller.LoginController.logger
2021-03-02 15:14:14,248 INFO [main] o.s.s.c.ThreadPoolTaskExecutor [ExecutorConfigurationSupport.java:181] Initializing ExecutorService 'applicationTaskExecutor'
2021-03-02 15:14:14,367 INFO [main] o.s.b.a.w.s.WelcomePageHandlerMapping [WelcomePageHandlerMapping.java:58] Adding welcome page template: index
2021-03-02 15:14:14,644 INFO [main] c.e.c.m.MycommunityApplicationTests [StartupInfoLogger.java:61] Started MycommunityApplicationTests in 2.684 seconds (JVM running for 3.73)
2021-03-02 15:14:14,866 INFO [SpringContextShutdownHook] o.s.s.c.ThreadPoolTaskExecutor [ExecutorConfigurationSupport.java:218] Shutting down ExecutorService 'applicationTaskExecutor'
2021-03-02 15:36:40,353 INFO [main] c.e.c.m.MycommunityApplicationTests [StartupInfoLogger.java:55] Starting MycommunityApplicationTests using Java 1.8.0_271 on LAPTOP-UCCD16F6 with PID 17696 (started by Alex in D:\PracticeProject\mycommunity)
2021-03-02 15:36:40,356 INFO [main] c.e.c.m.MycommunityApplicationTests [SpringApplication.java:660] No active profile set, falling back to default profiles: default
2021-03-02 15:36:41,747 INFO [main] o.s.b.f.a.AutowiredAnnotationBeanPostProcessor [AutowiredAnnotationBeanPostProcessor.java:478] Autowired annotation is not supported on static fields: private static final org.slf4j.Logger cn.edu.cug.mycommunity.controller.LoginController.logger
2021-03-02 15:36:42,196 INFO [main] o.s.s.c.ThreadPoolTaskExecutor [ExecutorConfigurationSupport.java:181] Initializing ExecutorService 'applicationTaskExecutor'
2021-03-02 15:36:42,322 INFO [main] o.s.b.a.w.s.WelcomePageHandlerMapping [WelcomePageHandlerMapping.java:58] Adding welcome page template: index
2021-03-02 15:36:42,587 INFO [main] c.e.c.m.MycommunityApplicationTests [StartupInfoLogger.java:61] Started MycommunityApplicationTests in 2.609 seconds (JVM running for 3.705)
2021-03-02 15:36:42,824 INFO [SpringContextShutdownHook] o.s.s.c.ThreadPoolTaskExecutor [ExecutorConfigurationSupport.java:218] Shutting down ExecutorService 'applicationTaskExecutor'
2021-03-02 15:36:52,719 INFO [restartedMain] c.e.c.m.MycommunityApplication [StartupInfoLogger.java:55] Starting MycommunityApplication using Java 1.8.0_271 on LAPTOP-UCCD16F6 with PID 21608 (D:\PracticeProject\mycommunity\target\classes started by Alex in D:\PracticeProject\mycommunity)
2021-03-02 15:36:52,722 INFO [restartedMain] c.e.c.m.MycommunityApplication [SpringApplication.java:660] No active profile set, falling back to default profiles: default
2021-03-02 15:36:52,763 INFO [restartedMain] o.s.b.d.e.DevToolsPropertyDefaultsPostProcessor [DeferredLog.java:255] Devtools property defaults active! Set 'spring.devtools.add-properties' to 'false' to disable
2021-03-02 15:36:52,764 INFO [restartedMain] o.s.b.d.e.DevToolsPropertyDefaultsPostProcessor [DeferredLog.java:255] For additional web related logging consider setting the 'logging.level.web' property to 'DEBUG'
2021-03-02 15:36:53,742 INFO [restartedMain] o.s.b.w.e.t.TomcatWebServer [TomcatWebServer.java:108] Tomcat initialized with port(s): 8080 (http)
2021-03-02 15:36:53,750 INFO [restartedMain] o.a.c.h.Http11NioProtocol [DirectJDKLog.java:173] Initializing ProtocolHandler ["http-nio-8080"]
2021-03-02 15:36:53,751 INFO [restartedMain] o.a.c.c.StandardService [DirectJDKLog.java:173] Starting service [Tomcat]
2021-03-02 15:36:53,751 INFO [restartedMain] o.a.c.c.StandardEngine [DirectJDKLog.java:173] Starting Servlet engine: [Apache Tomcat/9.0.39]
2021-03-02 15:36:53,834 INFO [restartedMain] o.a.c.c.C.[.[.[/mycommunity] [DirectJDKLog.java:173] Initializing Spring embedded WebApplicationContext
2021-03-02 15:36:53,834 INFO [restartedMain] o.s.b.w.s.c.ServletWebServerApplicationContext [ServletWebServerApplicationContext.java:289] Root WebApplicationContext: initialization completed in 1070 ms
2021-03-02 15:36:54,124 INFO [restartedMain] o.s.b.f.a.AutowiredAnnotationBeanPostProcessor [AutowiredAnnotationBeanPostProcessor.java:478] Autowired annotation is not supported on static fields: private static final org.slf4j.Logger cn.edu.cug.mycommunity.controller.LoginController.logger
2021-03-02 15:36:54,227 INFO [restartedMain] o.s.s.c.ThreadPoolTaskExecutor [ExecutorConfigurationSupport.java:181] Initializing ExecutorService 'applicationTaskExecutor'
2021-03-02 15:36:54,340 INFO [restartedMain] o.s.b.a.w.s.WelcomePageHandlerMapping [WelcomePageHandlerMapping.java:58] Adding welcome page template: index
2021-03-02 15:36:54,451 INFO [restartedMain] o.s.b.d.a.OptionalLiveReloadServer [OptionalLiveReloadServer.java:58] LiveReload server is running on port 35729
2021-03-02 15:36:54,466 INFO [restartedMain] o.a.c.h.Http11NioProtocol [DirectJDKLog.java:173] Starting ProtocolHandler ["http-nio-8080"]
2021-03-02 15:36:54,479 INFO [restartedMain] o.s.b.w.e.t.TomcatWebServer [TomcatWebServer.java:220] Tomcat started on port(s): 8080 (http) with context path '/mycommunity'
2021-03-02 15:36:54,490 INFO [restartedMain] c.e.c.m.MycommunityApplication [StartupInfoLogger.java:61] Started MycommunityApplication in 2.176 seconds (JVM running for 3.029)
2021-03-02 15:37:18,453 INFO [http-nio-8080-exec-4] o.a.c.c.C.[.[.[/mycommunity] [DirectJDKLog.java:173] Initializing Spring DispatcherServlet 'dispatcherServlet'
2021-03-02 15:37:18,453 INFO [http-nio-8080-exec-4] o.s.w.s.DispatcherServlet [FrameworkServlet.java:525] Initializing Servlet 'dispatcherServlet'
2021-03-02 15:37:18,454 INFO [http-nio-8080-exec-4] o.s.w.s.DispatcherServlet [FrameworkServlet.java:547] Completed initialization in 1 ms
2021-03-02 15:37:36,454 INFO [http-nio-8080-exec-2] c.z.h.HikariDataSource [HikariDataSource.java:110] HikariPool-1 - Starting...
2021-03-02 15:37:36,570 INFO [http-nio-8080-exec-2] c.z.h.HikariDataSource [HikariDataSource.java:123] HikariPool-1 - Start completed.
